2025-07-06 20:34:00,868-controller2.py-[line:313]-INFO-[log]:ping:/dev/ttyUSB0 ok, res:b'wh\x04\n'
2025-07-06 20:34:01,092-controller2.py-[line:313]-INFO-[log]:ping:/dev/ttyUSB0 ok, res:b'wh\x04\n'
2025-07-06 20:34:01,728-vehicle_base2.py-[line:523]-INFO-[log]:mecanum init
2025-07-06 20:34:01,940-car_wrap.py-[line:147]-INFO-[log]:my car init ok 0.21163463592529297
2025-07-06 20:34:05,950-infer_front.py-[line:111]-INFO-[log]:lane连接服务器...
2025-07-06 20:34:06,044-infer_front.py-[line:150]-INFO-[log]:开启infer_back_end.py脚本, 后台运行中, 请等待
2025-07-06 20:34:42,636-infer_front.py-[line:124]-INFO-[log]:
2025-07-06 20:34:42,654-infer_front.py-[line:133]-INFO-[log]:lane连接服务器成功
2025-07-06 20:34:42,656-infer_front.py-[line:111]-INFO-[log]:front连接服务器...
2025-07-06 20:34:42,807-infer_front.py-[line:133]-INFO-[log]:front连接服务器成功
2025-07-06 20:34:42,808-infer_front.py-[line:111]-INFO-[log]:task连接服务器...
2025-07-06 20:34:42,876-infer_front.py-[line:133]-INFO-[log]:task连接服务器成功
2025-07-06 20:34:42,877-infer_front.py-[line:111]-INFO-[log]:mot连接服务器...
2025-07-06 20:34:42,952-infer_front.py-[line:133]-INFO-[log]:mot连接服务器成功
2025-07-06 20:34:42,953-infer_front.py-[line:111]-INFO-[log]:humattr连接服务器...
2025-07-06 20:34:43,020-infer_front.py-[line:133]-INFO-[log]:humattr连接服务器成功
2025-07-06 20:34:43,021-infer_front.py-[line:111]-INFO-[log]:ocr连接服务器...
2025-07-06 20:34:43,087-infer_front.py-[line:133]-INFO-[log]:ocr连接服务器成功
2025-07-06 20:34:43,088-infer_front.py-[line:111]-INFO-[log]:redstop连接服务器...
2025-07-06 20:34:43,156-infer_front.py-[line:133]-INFO-[log]:redstop连接服务器成功
2025-07-06 20:39:24,345-controller2.py-[line:313]-INFO-[log]:ping:/dev/ttyUSB0 ok, res:b'wh\x04\n'
2025-07-06 20:39:24,567-controller2.py-[line:313]-INFO-[log]:ping:/dev/ttyUSB0 ok, res:b'wh\x04\n'
2025-07-06 20:39:25,229-vehicle_base2.py-[line:523]-INFO-[log]:mecanum init
2025-07-06 20:39:25,445-car_wrap.py-[line:147]-INFO-[log]:my car init ok 0.21531224250793457
2025-07-06 20:39:30,221-infer_front.py-[line:111]-INFO-[log]:lane连接服务器...
2025-07-06 20:39:30,363-infer_front.py-[line:133]-INFO-[log]:lane连接服务器成功
2025-07-06 20:39:30,364-infer_front.py-[line:111]-INFO-[log]:front连接服务器...
2025-07-06 20:39:30,423-infer_front.py-[line:133]-INFO-[log]:front连接服务器成功
2025-07-06 20:39:30,424-infer_front.py-[line:111]-INFO-[log]:task连接服务器...
2025-07-06 20:39:30,484-infer_front.py-[line:133]-INFO-[log]:task连接服务器成功
2025-07-06 20:39:30,485-infer_front.py-[line:111]-INFO-[log]:mot连接服务器...
2025-07-06 20:39:30,545-infer_front.py-[line:133]-INFO-[log]:mot连接服务器成功
2025-07-06 20:39:30,545-infer_front.py-[line:111]-INFO-[log]:humattr连接服务器...
2025-07-06 20:39:30,605-infer_front.py-[line:133]-INFO-[log]:humattr连接服务器成功
2025-07-06 20:39:30,605-infer_front.py-[line:111]-INFO-[log]:ocr连接服务器...
2025-07-06 20:39:30,664-infer_front.py-[line:133]-INFO-[log]:ocr连接服务器成功
2025-07-06 20:39:30,664-infer_front.py-[line:111]-INFO-[log]:redstop连接服务器...
2025-07-06 20:39:30,725-infer_front.py-[line:133]-INFO-[log]:redstop连接服务器成功
2025-07-06 20:39:38,074-camera.py-[line:160]-INFO-[log]:0 close
2025-07-06 20:39:38,135-camera.py-[line:160]-INFO-[log]:2 close
2025-07-06 20:41:26,807-controller2.py-[line:313]-INFO-[log]:ping:/dev/ttyUSB0 ok, res:b'wh\x04\n'
2025-07-06 20:41:27,036-controller2.py-[line:313]-INFO-[log]:ping:/dev/ttyUSB0 ok, res:b'wh\x04\n'
2025-07-06 20:41:27,716-vehicle_base2.py-[line:523]-INFO-[log]:mecanum init
2025-07-06 20:41:27,932-car_wrap.py-[line:147]-INFO-[log]:my car init ok 0.21594667434692383
2025-07-06 20:41:32,848-infer_front.py-[line:111]-INFO-[log]:lane连接服务器...
2025-07-06 20:41:32,980-infer_front.py-[line:133]-INFO-[log]:lane连接服务器成功
2025-07-06 20:41:32,980-infer_front.py-[line:111]-INFO-[log]:front连接服务器...
2025-07-06 20:41:33,044-infer_front.py-[line:133]-INFO-[log]:front连接服务器成功
2025-07-06 20:41:33,045-infer_front.py-[line:111]-INFO-[log]:task连接服务器...
2025-07-06 20:41:33,106-infer_front.py-[line:133]-INFO-[log]:task连接服务器成功
2025-07-06 20:41:33,106-infer_front.py-[line:111]-INFO-[log]:mot连接服务器...
2025-07-06 20:41:33,167-infer_front.py-[line:133]-INFO-[log]:mot连接服务器成功
2025-07-06 20:41:33,167-infer_front.py-[line:111]-INFO-[log]:humattr连接服务器...
2025-07-06 20:41:33,228-infer_front.py-[line:133]-INFO-[log]:humattr连接服务器成功
2025-07-06 20:41:33,229-infer_front.py-[line:111]-INFO-[log]:ocr连接服务器...
2025-07-06 20:41:33,287-infer_front.py-[line:133]-INFO-[log]:ocr连接服务器成功
2025-07-06 20:41:33,287-infer_front.py-[line:111]-INFO-[log]:redstop连接服务器...
2025-07-06 20:41:33,347-infer_front.py-[line:133]-INFO-[log]:redstop连接服务器成功
2025-07-06 20:41:37,438-camera.py-[line:160]-INFO-[log]:0 close
2025-07-06 20:41:37,508-camera.py-[line:160]-INFO-[log]:2 close
2025-07-06 20:52:51,790-controller2.py-[line:313]-INFO-[log]:ping:/dev/ttyUSB0 ok, res:b'wh\x04\n'
2025-07-06 20:52:52,018-controller2.py-[line:313]-INFO-[log]:ping:/dev/ttyUSB0 ok, res:b'wh\x04\n'
2025-07-06 20:52:52,673-vehicle_base2.py-[line:523]-INFO-[log]:mecanum init
2025-07-06 20:52:52,885-car_wrap.py-[line:147]-INFO-[log]:my car init ok 0.21149253845214844
2025-07-06 20:52:57,652-infer_front.py-[line:111]-INFO-[log]:lane连接服务器...
2025-07-06 20:52:57,791-infer_front.py-[line:133]-INFO-[log]:lane连接服务器成功
2025-07-06 20:52:57,792-infer_front.py-[line:111]-INFO-[log]:front连接服务器...
2025-07-06 20:52:57,850-infer_front.py-[line:133]-INFO-[log]:front连接服务器成功
2025-07-06 20:52:57,851-infer_front.py-[line:111]-INFO-[log]:task连接服务器...
2025-07-06 20:52:57,910-infer_front.py-[line:133]-INFO-[log]:task连接服务器成功
2025-07-06 20:52:57,911-infer_front.py-[line:111]-INFO-[log]:mot连接服务器...
2025-07-06 20:52:57,969-infer_front.py-[line:133]-INFO-[log]:mot连接服务器成功
2025-07-06 20:52:57,970-infer_front.py-[line:111]-INFO-[log]:humattr连接服务器...
2025-07-06 20:52:58,028-infer_front.py-[line:133]-INFO-[log]:humattr连接服务器成功
2025-07-06 20:52:58,029-infer_front.py-[line:111]-INFO-[log]:ocr连接服务器...
2025-07-06 20:52:58,091-infer_front.py-[line:133]-INFO-[log]:ocr连接服务器成功
2025-07-06 20:52:58,091-infer_front.py-[line:111]-INFO-[log]:redstop连接服务器...
2025-07-06 20:52:58,155-infer_front.py-[line:133]-INFO-[log]:redstop连接服务器成功
