2025-07-07 11:17:56,697-camera.py-[line:90]-ERROR-[log]:摄像头0打开失败
2025-07-07 11:17:57,701-camera.py-[line:90]-ERROR-[log]:摄像头0打开失败
2025-07-07 11:17:58,703-camera.py-[line:90]-ERROR-[log]:摄像头0打开失败
2025-07-07 11:17:59,705-camera.py-[line:90]-ERROR-[log]:摄像头0打开失败
2025-07-07 11:18:00,707-camera.py-[line:90]-ERROR-[log]:摄像头0打开失败
2025-07-07 11:21:04,568-camera.py-[line:90]-ERROR-[log]:摄像头0打开失败
2025-07-07 11:21:05,571-camera.py-[line:90]-ERROR-[log]:摄像头0打开失败
2025-07-07 11:21:06,573-camera.py-[line:90]-ERROR-[log]:摄像头0打开失败
2025-07-07 11:26:20,119-camera.py-[line:90]-ERROR-[log]:摄像头1打开失败
2025-07-07 11:26:21,121-camera.py-[line:90]-ERROR-[log]:摄像头1打开失败
2025-07-07 11:26:22,123-camera.py-[line:90]-ERROR-[log]:摄像头1打开失败
2025-07-07 11:26:23,125-camera.py-[line:90]-ERROR-[log]:摄像头1打开失败
2025-07-07 11:26:24,127-camera.py-[line:90]-ERROR-[log]:摄像头1打开失败
2025-07-07 11:30:35,965-camera.py-[line:90]-ERROR-[log]:摄像头0打开失败
2025-07-07 11:30:36,968-camera.py-[line:90]-ERROR-[log]:摄像头0打开失败
2025-07-07 11:30:37,970-camera.py-[line:90]-ERROR-[log]:摄像头0打开失败
2025-07-07 11:30:39,063-camera.py-[line:90]-ERROR-[log]:摄像头0打开失败
2025-07-07 11:49:44,166-camera.py-[line:93]-ERROR-[log]:摄像头0打开失败 (尝试 1/5)
2025-07-07 11:49:45,168-camera.py-[line:93]-ERROR-[log]:摄像头0打开失败 (尝试 2/5)
2025-07-07 11:49:46,169-camera.py-[line:93]-ERROR-[log]:摄像头0打开失败 (尝试 3/5)
2025-07-07 11:49:47,225-camera.py-[line:93]-ERROR-[log]:摄像头0打开失败 (尝试 4/5)
2025-07-07 11:49:48,228-camera.py-[line:93]-ERROR-[log]:摄像头0打开失败 (尝试 5/5)
2025-07-07 11:49:49,229-camera.py-[line:105]-ERROR-[log]:摄像头0初始化失败，已达到最大重试次数
2025-07-07 12:00:01,571-camera.py-[line:99]-ERROR-[log]:摄像头0打开失败 (尝试 1/5)
2025-07-07 12:00:02,574-camera.py-[line:99]-ERROR-[log]:摄像头0打开失败 (尝试 2/5)
2025-07-07 12:00:03,576-camera.py-[line:99]-ERROR-[log]:摄像头0打开失败 (尝试 3/5)
2025-07-07 12:00:04,824-camera.py-[line:99]-ERROR-[log]:摄像头0打开失败 (尝试 4/5)
2025-07-07 12:00:05,825-camera.py-[line:99]-ERROR-[log]:摄像头0打开失败 (尝试 5/5)
2025-07-07 12:00:06,827-camera.py-[line:111]-ERROR-[log]:摄像头0初始化失败，已达到最大重试次数
2025-07-07 12:06:46,395-camera.py-[line:97]-ERROR-[log]:摄像头0打开失败 (尝试 1/5)
2025-07-07 12:06:47,413-camera.py-[line:97]-ERROR-[log]:摄像头0打开失败 (尝试 2/5)
2025-07-07 12:06:48,449-camera.py-[line:97]-ERROR-[log]:摄像头0打开失败 (尝试 3/5)
2025-07-07 12:06:49,451-camera.py-[line:97]-ERROR-[log]:摄像头0打开失败 (尝试 4/5)
2025-07-07 12:06:50,454-camera.py-[line:97]-ERROR-[log]:摄像头0打开失败 (尝试 5/5)
2025-07-07 12:06:51,455-camera.py-[line:109]-ERROR-[log]:摄像头0初始化失败，已达到最大重试次数
2025-07-07 12:13:01,027-camera.py-[line:102]-ERROR-[log]:摄像头0打开失败 (尝试 1/5)
2025-07-07 12:13:02,029-camera.py-[line:102]-ERROR-[log]:摄像头0打开失败 (尝试 2/5)
2025-07-07 12:13:03,031-camera.py-[line:102]-ERROR-[log]:摄像头0打开失败 (尝试 3/5)
2025-07-07 12:13:04,430-camera.py-[line:144]-ERROR-[log]:read:读取图像错误!!!!0
2025-07-07 12:13:06,433-camera.py-[line:102]-ERROR-[log]:摄像头0打开失败 (尝试 1/5)
2025-07-07 12:13:07,704-camera.py-[line:102]-ERROR-[log]:摄像头0打开失败 (尝试 2/5)
2025-07-07 12:13:08,706-camera.py-[line:102]-ERROR-[log]:摄像头0打开失败 (尝试 3/5)
2025-07-07 12:13:09,708-camera.py-[line:102]-ERROR-[log]:摄像头0打开失败 (尝试 4/5)
2025-07-07 12:13:11,106-camera.py-[line:144]-ERROR-[log]:read:读取图像错误!!!!0
2025-07-07 12:13:13,110-camera.py-[line:102]-ERROR-[log]:摄像头0打开失败 (尝试 1/5)
2025-07-07 12:13:14,294-camera.py-[line:102]-ERROR-[log]:摄像头0打开失败 (尝试 2/5)
2025-07-07 12:13:15,331-camera.py-[line:102]-ERROR-[log]:摄像头0打开失败 (尝试 3/5)
2025-07-07 12:13:16,336-camera.py-[line:102]-ERROR-[log]:摄像头0打开失败 (尝试 4/5)
2025-07-07 12:13:17,429-camera.py-[line:102]-ERROR-[log]:摄像头0打开失败 (尝试 5/5)
2025-07-07 12:13:18,442-camera.py-[line:114]-ERROR-[log]:摄像头0初始化失败，已达到最大重试次数
2025-07-07 12:13:18,445-camera.py-[line:154]-ERROR-[log]:exception:摄像头错误!!0
2025-07-07 12:13:20,456-camera.py-[line:102]-ERROR-[log]:摄像头0打开失败 (尝试 1/5)
2025-07-07 12:13:21,866-camera.py-[line:144]-ERROR-[log]:read:读取图像错误!!!!0
2025-07-07 12:13:23,874-camera.py-[line:102]-ERROR-[log]:摄像头0打开失败 (尝试 1/5)
2025-07-07 12:13:25,100-camera.py-[line:102]-ERROR-[log]:摄像头0打开失败 (尝试 2/5)
2025-07-07 12:13:26,101-camera.py-[line:102]-ERROR-[log]:摄像头0打开失败 (尝试 3/5)
2025-07-07 12:13:27,103-camera.py-[line:102]-ERROR-[log]:摄像头0打开失败 (尝试 4/5)
2025-07-07 12:13:28,533-camera.py-[line:144]-ERROR-[log]:read:读取图像错误!!!!0
2025-07-07 12:13:30,534-camera.py-[line:102]-ERROR-[log]:摄像头0打开失败 (尝试 1/5)
2025-07-07 12:13:31,772-camera.py-[line:102]-ERROR-[log]:摄像头0打开失败 (尝试 2/5)
2025-07-07 12:13:32,781-camera.py-[line:102]-ERROR-[log]:摄像头0打开失败 (尝试 3/5)
2025-07-07 12:13:33,803-camera.py-[line:102]-ERROR-[log]:摄像头0打开失败 (尝试 4/5)
2025-07-07 12:13:34,823-camera.py-[line:102]-ERROR-[log]:摄像头0打开失败 (尝试 5/5)
2025-07-07 12:16:25,659-camera.py-[line:102]-ERROR-[log]:摄像头0打开失败 (尝试 1/5)
2025-07-07 12:16:26,699-camera.py-[line:102]-ERROR-[log]:摄像头0打开失败 (尝试 2/5)
2025-07-07 12:16:27,701-camera.py-[line:102]-ERROR-[log]:摄像头0打开失败 (尝试 3/5)
2025-07-07 12:16:28,934-camera.py-[line:102]-ERROR-[log]:摄像头0打开失败 (尝试 4/5)
2025-07-07 12:16:29,937-camera.py-[line:102]-ERROR-[log]:摄像头0打开失败 (尝试 5/5)
2025-07-07 12:16:30,940-camera.py-[line:114]-ERROR-[log]:摄像头0初始化失败，已达到最大重试次数
2025-07-07 12:16:30,966-car_wrap.py-[line:216]-ERROR-[log]:摄像头front(0)初始化异常: 无法初始化摄像头 0
2025-07-07 12:16:31,000-car_wrap.py-[line:239]-ERROR-[log]:摄像头初始化失败 - front: 失败, side: 成功
2025-07-07 12:30:25,144-camera.py-[line:121]-ERROR-[log]:摄像头0初始化超时（10秒）
2025-07-07 12:30:39,372-camera.py-[line:121]-ERROR-[log]:摄像头0初始化超时（10秒）
2025-07-07 12:30:54,736-camera.py-[line:121]-ERROR-[log]:摄像头0初始化超时（10秒）
2025-07-07 12:31:11,621-camera.py-[line:121]-ERROR-[log]:摄像头0初始化超时（10秒）
2025-07-07 12:33:03,371-camera.py-[line:121]-ERROR-[log]:摄像头0初始化超时（10秒）
2025-07-07 12:33:17,704-camera.py-[line:121]-ERROR-[log]:摄像头0初始化超时（10秒）
2025-07-07 12:33:33,246-camera.py-[line:121]-ERROR-[log]:摄像头0初始化超时（10秒）
2025-07-07 12:33:59,180-camera.py-[line:121]-ERROR-[log]:摄像头0初始化超时（10秒）
2025-07-07 12:33:59,183-camera.py-[line:175]-ERROR-[log]:摄像头0异常: 摄像头0初始化超时
2025-07-07 12:34:11,329-camera.py-[line:121]-ERROR-[log]:摄像头0初始化超时（10秒）
2025-07-07 12:39:26,944-camera.py-[line:64]-ERROR-[log]:摄像头/dev/video0不存在
2025-07-07 12:39:27,963-camera.py-[line:64]-ERROR-[log]:摄像头/dev/video0不存在
2025-07-07 12:39:29,527-camera.py-[line:74]-ERROR-[log]:摄像头/dev/video0打开失败
2025-07-07 12:39:30,604-camera.py-[line:64]-ERROR-[log]:摄像头/dev/video0不存在
2025-07-07 12:39:31,648-camera.py-[line:64]-ERROR-[log]:摄像头/dev/video0不存在
2025-07-07 12:39:32,803-camera.py-[line:74]-ERROR-[log]:摄像头/dev/video0打开失败
2025-07-07 12:39:33,891-camera.py-[line:64]-ERROR-[log]:摄像头/dev/video0不存在
2025-07-07 12:39:34,989-camera.py-[line:64]-ERROR-[log]:摄像头/dev/video0不存在
2025-07-07 12:39:36,138-camera.py-[line:74]-ERROR-[log]:摄像头/dev/video0打开失败
2025-07-07 12:39:37,200-camera.py-[line:64]-ERROR-[log]:摄像头/dev/video0不存在
2025-07-07 12:39:38,345-camera.py-[line:64]-ERROR-[log]:摄像头/dev/video0不存在
2025-07-07 12:39:39,604-camera.py-[line:64]-ERROR-[log]:摄像头/dev/video0不存在
2025-07-07 12:39:40,675-camera.py-[line:64]-ERROR-[log]:摄像头/dev/video0不存在
2025-07-07 12:39:41,726-camera.py-[line:64]-ERROR-[log]:摄像头/dev/video0不存在
2025-07-07 12:39:42,793-camera.py-[line:64]-ERROR-[log]:摄像头/dev/video0不存在
2025-07-07 12:39:43,845-camera.py-[line:64]-ERROR-[log]:摄像头/dev/video0不存在
2025-07-07 12:39:45,128-camera.py-[line:74]-ERROR-[log]:摄像头/dev/video0打开失败
2025-07-07 12:39:46,265-camera.py-[line:64]-ERROR-[log]:摄像头/dev/video0不存在
2025-07-07 12:39:47,404-camera.py-[line:74]-ERROR-[log]:摄像头/dev/video0打开失败
2025-07-07 12:39:48,517-camera.py-[line:64]-ERROR-[log]:摄像头/dev/video0不存在
2025-07-07 12:39:49,644-camera.py-[line:64]-ERROR-[log]:摄像头/dev/video0不存在
2025-07-07 12:39:50,774-camera.py-[line:64]-ERROR-[log]:摄像头/dev/video0不存在
2025-07-07 12:39:51,905-camera.py-[line:64]-ERROR-[log]:摄像头/dev/video0不存在
2025-07-07 12:39:53,160-camera.py-[line:74]-ERROR-[log]:摄像头/dev/video0打开失败
2025-07-07 13:26:56,375-controller2.py-[line:279]-ERROR-[log]:未找到串口,查看是否插入了串口,或者查看下位机是否开机
2025-07-07 13:29:46,996-camera.py-[line:74]-ERROR-[log]:摄像头/dev/video2打开失败
2025-07-07 13:29:47,999-camera.py-[line:74]-ERROR-[log]:摄像头/dev/video2打开失败
2025-07-07 13:29:49,002-camera.py-[line:74]-ERROR-[log]:摄像头/dev/video2打开失败
2025-07-07 13:29:50,005-camera.py-[line:74]-ERROR-[log]:摄像头/dev/video2打开失败
2025-07-07 13:29:51,008-camera.py-[line:74]-ERROR-[log]:摄像头/dev/video2打开失败
2025-07-07 13:29:52,010-camera.py-[line:74]-ERROR-[log]:摄像头/dev/video2打开失败
2025-07-07 13:29:53,012-camera.py-[line:74]-ERROR-[log]:摄像头/dev/video2打开失败
2025-07-07 13:29:54,015-camera.py-[line:74]-ERROR-[log]:摄像头/dev/video2打开失败
2025-07-07 13:29:55,018-camera.py-[line:74]-ERROR-[log]:摄像头/dev/video2打开失败
2025-07-07 13:29:56,021-camera.py-[line:74]-ERROR-[log]:摄像头/dev/video2打开失败
2025-07-07 13:29:57,025-camera.py-[line:74]-ERROR-[log]:摄像头/dev/video2打开失败
2025-07-07 13:29:58,028-camera.py-[line:74]-ERROR-[log]:摄像头/dev/video2打开失败
2025-07-07 13:29:59,031-camera.py-[line:74]-ERROR-[log]:摄像头/dev/video2打开失败
2025-07-07 13:30:00,034-camera.py-[line:74]-ERROR-[log]:摄像头/dev/video2打开失败
2025-07-07 13:30:01,037-camera.py-[line:74]-ERROR-[log]:摄像头/dev/video2打开失败
2025-07-07 13:30:02,039-camera.py-[line:74]-ERROR-[log]:摄像头/dev/video2打开失败
2025-07-07 13:30:03,042-camera.py-[line:74]-ERROR-[log]:摄像头/dev/video2打开失败
2025-07-07 13:30:04,044-camera.py-[line:74]-ERROR-[log]:摄像头/dev/video2打开失败
2025-07-07 13:30:05,047-camera.py-[line:74]-ERROR-[log]:摄像头/dev/video2打开失败
2025-07-07 13:30:06,049-camera.py-[line:74]-ERROR-[log]:摄像头/dev/video2打开失败
2025-07-07 13:44:40,779-camera.py-[line:85]-ERROR-[log]:摄像头/dev/video0打开失败
2025-07-07 13:44:41,783-camera.py-[line:85]-ERROR-[log]:摄像头/dev/video0打开失败
2025-07-07 13:44:42,786-camera.py-[line:85]-ERROR-[log]:摄像头/dev/video0打开失败
2025-07-07 13:44:43,788-camera.py-[line:85]-ERROR-[log]:摄像头/dev/video0打开失败
2025-07-07 13:44:44,791-camera.py-[line:85]-ERROR-[log]:摄像头/dev/video0打开失败
2025-07-07 13:44:45,793-camera.py-[line:85]-ERROR-[log]:摄像头/dev/video0打开失败
2025-07-07 13:44:46,796-camera.py-[line:85]-ERROR-[log]:摄像头/dev/video0打开失败
2025-07-07 13:44:47,798-camera.py-[line:85]-ERROR-[log]:摄像头/dev/video0打开失败
2025-07-07 13:44:48,801-camera.py-[line:85]-ERROR-[log]:摄像头/dev/video0打开失败
2025-07-07 13:44:49,804-camera.py-[line:85]-ERROR-[log]:摄像头/dev/video0打开失败
2025-07-07 13:44:50,806-camera.py-[line:85]-ERROR-[log]:摄像头/dev/video0打开失败
2025-07-07 13:47:10,531-camera.py-[line:87]-ERROR-[log]:摄像头/dev/video0打开失败
2025-07-07 13:47:11,534-camera.py-[line:87]-ERROR-[log]:摄像头/dev/video0打开失败
2025-07-07 13:47:12,536-camera.py-[line:87]-ERROR-[log]:摄像头/dev/video0打开失败
2025-07-07 13:47:13,539-camera.py-[line:87]-ERROR-[log]:摄像头/dev/video0打开失败
2025-07-07 13:47:14,541-camera.py-[line:87]-ERROR-[log]:摄像头/dev/video0打开失败
2025-07-07 13:47:15,544-camera.py-[line:87]-ERROR-[log]:摄像头/dev/video0打开失败
2025-07-07 13:48:52,659-camera.py-[line:89]-ERROR-[log]:摄像头/dev/video0打开失败
2025-07-07 13:48:53,661-camera.py-[line:89]-ERROR-[log]:摄像头/dev/video0打开失败
2025-07-07 13:48:54,663-camera.py-[line:89]-ERROR-[log]:摄像头/dev/video0打开失败
2025-07-07 13:48:55,665-camera.py-[line:89]-ERROR-[log]:摄像头/dev/video0打开失败
2025-07-07 13:48:56,668-camera.py-[line:89]-ERROR-[log]:摄像头/dev/video0打开失败
2025-07-07 13:48:57,671-camera.py-[line:89]-ERROR-[log]:摄像头/dev/video0打开失败
2025-07-07 13:48:58,673-camera.py-[line:89]-ERROR-[log]:摄像头/dev/video0打开失败
2025-07-07 13:56:08,560-car_wrap.py-[line:246]-ERROR-[log]:摄像头front(0)初始化异常: 'Camera' object has no attribute 'init_camera'
2025-07-07 13:56:08,561-car_wrap.py-[line:246]-ERROR-[log]:摄像头side(2)初始化异常: 'Camera' object has no attribute 'init_camera'
2025-07-07 13:56:08,562-car_wrap.py-[line:269]-ERROR-[log]:摄像头初始化失败 - front: 失败, side: 失败
2025-07-07 13:56:12,158-camera.py-[line:120]-ERROR-[log]:摄像头/dev/video0打开失败
2025-07-07 13:56:13,160-camera.py-[line:120]-ERROR-[log]:摄像头/dev/video0打开失败
2025-07-07 13:56:14,163-camera.py-[line:120]-ERROR-[log]:摄像头/dev/video0打开失败
2025-07-07 13:56:15,165-camera.py-[line:120]-ERROR-[log]:摄像头/dev/video0打开失败
2025-07-07 13:56:16,168-camera.py-[line:120]-ERROR-[log]:摄像头/dev/video0打开失败
2025-07-07 13:44:36,973-camera.py-[line:110]-ERROR-[log]:摄像头/dev/video0不存在
2025-07-07 13:44:37,991-camera.py-[line:120]-ERROR-[log]:摄像头/dev/video0打开失败
2025-07-07 13:44:39,060-camera.py-[line:120]-ERROR-[log]:摄像头/dev/video0打开失败
2025-07-07 13:44:40,062-camera.py-[line:110]-ERROR-[log]:摄像头/dev/video0不存在
2025-07-07 13:44:41,063-camera.py-[line:110]-ERROR-[log]:摄像头/dev/video0不存在
2025-07-07 13:44:51,755-camera.py-[line:154]-ERROR-[log]:read:读取图像错误!!!!/dev/video0
2025-07-07 13:44:51,831-camera.py-[line:120]-ERROR-[log]:摄像头/dev/video0打开失败
2025-07-07 13:44:52,833-camera.py-[line:110]-ERROR-[log]:摄像头/dev/video0不存在
2025-07-07 13:44:53,835-camera.py-[line:120]-ERROR-[log]:摄像头/dev/video0打开失败
2025-07-07 13:44:54,894-camera.py-[line:120]-ERROR-[log]:摄像头/dev/video0打开失败
2025-07-07 13:44:55,941-camera.py-[line:120]-ERROR-[log]:摄像头/dev/video0打开失败
2025-07-07 13:44:56,943-camera.py-[line:110]-ERROR-[log]:摄像头/dev/video0不存在
2025-07-07 13:44:57,944-camera.py-[line:120]-ERROR-[log]:摄像头/dev/video0打开失败
2025-07-07 13:44:59,015-camera.py-[line:120]-ERROR-[log]:摄像头/dev/video0打开失败
2025-07-07 13:45:00,017-camera.py-[line:110]-ERROR-[log]:摄像头/dev/video0不存在
2025-07-07 13:45:59,807-camera.py-[line:110]-ERROR-[log]:摄像头/dev/video0不存在
2025-07-07 13:46:00,809-camera.py-[line:110]-ERROR-[log]:摄像头/dev/video0不存在
2025-07-07 13:46:02,079-camera.py-[line:120]-ERROR-[log]:摄像头/dev/video0打开失败
2025-07-07 13:46:03,080-camera.py-[line:110]-ERROR-[log]:摄像头/dev/video0不存在
2025-07-07 13:46:04,082-camera.py-[line:110]-ERROR-[log]:摄像头/dev/video0不存在
2025-07-07 13:46:05,387-camera.py-[line:120]-ERROR-[log]:摄像头/dev/video0打开失败
2025-07-07 13:47:47,958-camera.py-[line:116]-ERROR-[log]:摄像头/dev/video0打开失败
2025-07-07 13:47:48,960-camera.py-[line:116]-ERROR-[log]:摄像头/dev/video0打开失败
2025-07-07 13:47:49,968-camera.py-[line:116]-ERROR-[log]:摄像头/dev/video0打开失败
2025-07-07 13:47:51,034-camera.py-[line:116]-ERROR-[log]:摄像头/dev/video0打开失败
2025-07-07 13:47:52,036-camera.py-[line:116]-ERROR-[log]:摄像头/dev/video0打开失败
2025-07-07 13:47:53,038-camera.py-[line:116]-ERROR-[log]:摄像头/dev/video0打开失败
2025-07-07 13:47:54,134-camera.py-[line:116]-ERROR-[log]:摄像头/dev/video0打开失败
2025-07-07 13:47:55,136-camera.py-[line:116]-ERROR-[log]:摄像头/dev/video0打开失败
2025-07-07 13:47:56,138-camera.py-[line:116]-ERROR-[log]:摄像头/dev/video0打开失败
2025-07-07 14:14:14,382-camera.py-[line:116]-ERROR-[log]:摄像头/dev/video0打开失败
2025-07-07 14:14:15,384-camera.py-[line:116]-ERROR-[log]:摄像头/dev/video0打开失败
2025-07-07 14:14:16,498-camera.py-[line:116]-ERROR-[log]:摄像头/dev/video0打开失败
2025-07-07 14:14:17,501-camera.py-[line:116]-ERROR-[log]:摄像头/dev/video0打开失败
2025-07-07 14:14:18,503-camera.py-[line:116]-ERROR-[log]:摄像头/dev/video0打开失败
2025-07-07 14:14:19,505-camera.py-[line:116]-ERROR-[log]:摄像头/dev/video0打开失败
2025-07-07 14:18:37,988-camera.py-[line:116]-ERROR-[log]:摄像头/dev/video2打开失败
2025-07-07 14:18:38,990-camera.py-[line:116]-ERROR-[log]:摄像头/dev/video2打开失败
2025-07-07 14:18:39,993-camera.py-[line:116]-ERROR-[log]:摄像头/dev/video2打开失败
2025-07-07 14:18:40,995-camera.py-[line:116]-ERROR-[log]:摄像头/dev/video2打开失败
2025-07-07 14:29:12,881-car_wrap.py-[line:246]-ERROR-[log]:摄像头front(0)初始化异常: 'Camera' object has no attribute 'init_camera'
2025-07-07 14:29:12,881-car_wrap.py-[line:246]-ERROR-[log]:摄像头side(2)初始化异常: 'Camera' object has no attribute 'init_camera'
2025-07-07 14:29:12,883-car_wrap.py-[line:269]-ERROR-[log]:摄像头初始化失败 - front: 失败, side: 失败
2025-07-07 14:53:51,846-camera.py-[line:150]-ERROR-[log]:read:读取图像错误!!!!/dev/video0
2025-07-07 14:54:02,377-camera.py-[line:150]-ERROR-[log]:read:读取图像错误!!!!/dev/video0
2025-07-07 14:54:12,933-camera.py-[line:150]-ERROR-[log]:read:读取图像错误!!!!/dev/video0
2025-07-07 14:54:23,405-camera.py-[line:150]-ERROR-[log]:read:读取图像错误!!!!/dev/video0
2025-07-07 14:54:33,910-camera.py-[line:150]-ERROR-[log]:read:读取图像错误!!!!/dev/video0
2025-07-07 14:54:44,405-camera.py-[line:150]-ERROR-[log]:read:读取图像错误!!!!/dev/video0
2025-07-07 14:54:54,880-camera.py-[line:150]-ERROR-[log]:read:读取图像错误!!!!/dev/video0
2025-07-07 14:55:05,379-camera.py-[line:150]-ERROR-[log]:read:读取图像错误!!!!/dev/video0
2025-07-07 14:55:15,871-camera.py-[line:150]-ERROR-[log]:read:读取图像错误!!!!/dev/video0
2025-07-07 14:55:23,003-camera.py-[line:150]-ERROR-[log]:read:读取图像错误!!!!/dev/video0
2025-07-07 14:55:23,009-camera.py-[line:155]-ERROR-[log]:exception:摄像头/dev/video0错误: 'NoneType' object has no attribute 'release'
2025-07-07 15:06:01,044-camera.py-[line:116]-ERROR-[log]:摄像头/dev/video0打开失败
2025-07-07 15:06:02,899-camera.py-[line:116]-ERROR-[log]:摄像头/dev/video0打开失败
2025-07-07 15:06:04,732-camera.py-[line:116]-ERROR-[log]:摄像头/dev/video0打开失败
2025-07-07 15:06:06,563-camera.py-[line:116]-ERROR-[log]:摄像头/dev/video0打开失败
2025-07-07 15:06:08,395-camera.py-[line:116]-ERROR-[log]:摄像头/dev/video0打开失败
2025-07-07 15:06:10,227-camera.py-[line:116]-ERROR-[log]:摄像头/dev/video0打开失败
2025-07-07 15:06:12,057-camera.py-[line:116]-ERROR-[log]:摄像头/dev/video0打开失败
2025-07-07 15:20:30,907-controller2.py-[line:279]-ERROR-[log]:未找到串口,查看是否插入了串口,或者查看下位机是否开机
2025-07-07 16:49:47,640-controller2.py-[line:279]-ERROR-[log]:未找到串口,查看是否插入了串口,或者查看下位机是否开机
2025-07-07 15:06:07,197-camera.py-[line:150]-ERROR-[log]:read:读取图像错误!!!!/dev/video2
2025-07-07 15:06:07,199-camera.py-[line:116]-ERROR-[log]:摄像头/dev/video2打开失败
2025-07-07 15:06:08,201-camera.py-[line:116]-ERROR-[log]:摄像头/dev/video2打开失败
2025-07-07 15:06:09,203-camera.py-[line:116]-ERROR-[log]:摄像头/dev/video2打开失败
2025-07-07 15:06:10,205-camera.py-[line:116]-ERROR-[log]:摄像头/dev/video2打开失败
2025-07-07 15:06:11,207-camera.py-[line:116]-ERROR-[log]:摄像头/dev/video2打开失败
2025-07-07 15:06:12,209-camera.py-[line:116]-ERROR-[log]:摄像头/dev/video2打开失败
2025-07-07 15:06:13,211-camera.py-[line:116]-ERROR-[log]:摄像头/dev/video2打开失败
2025-07-07 15:06:14,213-camera.py-[line:116]-ERROR-[log]:摄像头/dev/video2打开失败
2025-07-07 15:06:15,215-camera.py-[line:116]-ERROR-[log]:摄像头/dev/video2打开失败
2025-07-07 15:06:16,217-camera.py-[line:116]-ERROR-[log]:摄像头/dev/video2打开失败
2025-07-07 15:06:17,219-camera.py-[line:116]-ERROR-[log]:摄像头/dev/video2打开失败
2025-07-07 15:06:18,221-camera.py-[line:116]-ERROR-[log]:摄像头/dev/video2打开失败
2025-07-07 15:06:19,223-camera.py-[line:116]-ERROR-[log]:摄像头/dev/video2打开失败
2025-07-07 15:06:20,224-camera.py-[line:116]-ERROR-[log]:摄像头/dev/video2打开失败
2025-07-07 15:06:21,226-camera.py-[line:116]-ERROR-[log]:摄像头/dev/video2打开失败
2025-07-07 15:06:22,228-camera.py-[line:116]-ERROR-[log]:摄像头/dev/video2打开失败
2025-07-07 15:06:23,229-camera.py-[line:116]-ERROR-[log]:摄像头/dev/video2打开失败
2025-07-07 15:06:24,231-camera.py-[line:116]-ERROR-[log]:摄像头/dev/video2打开失败
2025-07-07 15:06:25,233-camera.py-[line:116]-ERROR-[log]:摄像头/dev/video2打开失败
2025-07-07 15:06:26,236-camera.py-[line:116]-ERROR-[log]:摄像头/dev/video2打开失败
2025-07-07 15:06:27,238-camera.py-[line:116]-ERROR-[log]:摄像头/dev/video2打开失败
2025-07-07 15:06:28,240-camera.py-[line:116]-ERROR-[log]:摄像头/dev/video2打开失败
2025-07-07 15:06:29,241-camera.py-[line:116]-ERROR-[log]:摄像头/dev/video2打开失败
2025-07-07 15:06:30,243-camera.py-[line:116]-ERROR-[log]:摄像头/dev/video2打开失败
2025-07-07 15:06:31,245-camera.py-[line:116]-ERROR-[log]:摄像头/dev/video2打开失败
2025-07-07 15:06:32,248-camera.py-[line:116]-ERROR-[log]:摄像头/dev/video2打开失败
2025-07-07 15:06:33,250-camera.py-[line:116]-ERROR-[log]:摄像头/dev/video2打开失败
2025-07-07 15:06:34,251-camera.py-[line:116]-ERROR-[log]:摄像头/dev/video2打开失败
2025-07-07 15:06:35,253-camera.py-[line:116]-ERROR-[log]:摄像头/dev/video2打开失败
2025-07-07 15:06:36,255-camera.py-[line:116]-ERROR-[log]:摄像头/dev/video2打开失败
2025-07-07 15:06:37,257-camera.py-[line:116]-ERROR-[log]:摄像头/dev/video2打开失败
2025-07-07 15:06:38,259-camera.py-[line:116]-ERROR-[log]:摄像头/dev/video2打开失败
2025-07-07 15:06:39,261-camera.py-[line:116]-ERROR-[log]:摄像头/dev/video2打开失败
2025-07-07 15:06:40,263-camera.py-[line:116]-ERROR-[log]:摄像头/dev/video2打开失败
2025-07-07 15:06:41,265-camera.py-[line:116]-ERROR-[log]:摄像头/dev/video2打开失败
2025-07-07 15:06:42,267-camera.py-[line:116]-ERROR-[log]:摄像头/dev/video2打开失败
2025-07-07 15:06:43,269-camera.py-[line:116]-ERROR-[log]:摄像头/dev/video2打开失败
2025-07-07 15:06:44,271-camera.py-[line:116]-ERROR-[log]:摄像头/dev/video2打开失败
2025-07-07 15:06:45,273-camera.py-[line:116]-ERROR-[log]:摄像头/dev/video2打开失败
2025-07-07 15:06:46,275-camera.py-[line:116]-ERROR-[log]:摄像头/dev/video2打开失败
2025-07-07 15:06:47,277-camera.py-[line:116]-ERROR-[log]:摄像头/dev/video2打开失败
2025-07-07 15:06:48,279-camera.py-[line:116]-ERROR-[log]:摄像头/dev/video2打开失败
2025-07-07 15:06:49,281-camera.py-[line:116]-ERROR-[log]:摄像头/dev/video2打开失败
2025-07-07 15:06:50,283-camera.py-[line:116]-ERROR-[log]:摄像头/dev/video2打开失败
2025-07-07 15:06:51,295-camera.py-[line:116]-ERROR-[log]:摄像头/dev/video2打开失败
2025-07-07 15:06:52,316-camera.py-[line:116]-ERROR-[log]:摄像头/dev/video2打开失败
2025-07-07 15:06:53,358-camera.py-[line:116]-ERROR-[log]:摄像头/dev/video2打开失败
2025-07-07 15:06:54,419-camera.py-[line:116]-ERROR-[log]:摄像头/dev/video2打开失败
2025-07-07 15:06:55,465-camera.py-[line:116]-ERROR-[log]:摄像头/dev/video2打开失败
2025-07-07 15:06:56,507-camera.py-[line:116]-ERROR-[log]:摄像头/dev/video2打开失败
2025-07-07 15:06:57,545-camera.py-[line:116]-ERROR-[log]:摄像头/dev/video2打开失败
2025-07-07 15:06:58,590-camera.py-[line:116]-ERROR-[log]:摄像头/dev/video2打开失败
2025-07-07 15:06:59,631-camera.py-[line:116]-ERROR-[log]:摄像头/dev/video2打开失败
2025-07-07 15:07:00,673-camera.py-[line:116]-ERROR-[log]:摄像头/dev/video2打开失败
2025-07-07 15:07:01,725-camera.py-[line:116]-ERROR-[log]:摄像头/dev/video2打开失败
2025-07-07 15:07:02,753-camera.py-[line:116]-ERROR-[log]:摄像头/dev/video2打开失败
2025-07-07 15:07:03,787-camera.py-[line:116]-ERROR-[log]:摄像头/dev/video2打开失败
2025-07-07 15:07:04,851-camera.py-[line:116]-ERROR-[log]:摄像头/dev/video2打开失败
2025-07-07 15:07:05,892-camera.py-[line:116]-ERROR-[log]:摄像头/dev/video2打开失败
2025-07-07 15:07:06,917-camera.py-[line:116]-ERROR-[log]:摄像头/dev/video2打开失败
2025-07-07 15:07:07,939-camera.py-[line:116]-ERROR-[log]:摄像头/dev/video2打开失败
2025-07-07 15:07:08,967-camera.py-[line:116]-ERROR-[log]:摄像头/dev/video2打开失败
2025-07-07 15:07:10,011-camera.py-[line:116]-ERROR-[log]:摄像头/dev/video2打开失败
2025-07-07 15:07:11,053-camera.py-[line:116]-ERROR-[log]:摄像头/dev/video2打开失败
2025-07-07 15:07:12,085-camera.py-[line:116]-ERROR-[log]:摄像头/dev/video2打开失败
2025-07-07 15:07:13,129-camera.py-[line:116]-ERROR-[log]:摄像头/dev/video2打开失败
2025-07-07 15:07:14,166-camera.py-[line:116]-ERROR-[log]:摄像头/dev/video2打开失败
2025-07-07 15:07:15,209-camera.py-[line:116]-ERROR-[log]:摄像头/dev/video2打开失败
2025-07-07 15:07:16,243-camera.py-[line:116]-ERROR-[log]:摄像头/dev/video2打开失败
2025-07-07 15:07:17,283-camera.py-[line:116]-ERROR-[log]:摄像头/dev/video2打开失败
2025-07-07 15:07:18,326-camera.py-[line:116]-ERROR-[log]:摄像头/dev/video2打开失败
2025-07-07 15:07:19,370-camera.py-[line:116]-ERROR-[log]:摄像头/dev/video2打开失败
2025-07-07 15:07:20,402-camera.py-[line:116]-ERROR-[log]:摄像头/dev/video2打开失败
2025-07-07 15:07:21,420-camera.py-[line:116]-ERROR-[log]:摄像头/dev/video2打开失败
2025-07-07 15:07:22,452-camera.py-[line:116]-ERROR-[log]:摄像头/dev/video2打开失败
2025-07-07 15:07:23,485-camera.py-[line:116]-ERROR-[log]:摄像头/dev/video2打开失败
2025-07-07 15:07:24,517-camera.py-[line:116]-ERROR-[log]:摄像头/dev/video2打开失败
2025-07-07 15:07:25,535-camera.py-[line:116]-ERROR-[log]:摄像头/dev/video2打开失败
2025-07-07 15:07:26,568-camera.py-[line:116]-ERROR-[log]:摄像头/dev/video2打开失败
2025-07-07 15:07:27,611-camera.py-[line:116]-ERROR-[log]:摄像头/dev/video2打开失败
2025-07-07 15:07:28,659-camera.py-[line:116]-ERROR-[log]:摄像头/dev/video2打开失败
2025-07-07 15:11:47,930-camera.py-[line:116]-ERROR-[log]:摄像头/dev/video2打开失败
2025-07-07 15:11:48,933-camera.py-[line:116]-ERROR-[log]:摄像头/dev/video2打开失败
2025-07-07 15:11:49,935-camera.py-[line:116]-ERROR-[log]:摄像头/dev/video2打开失败
2025-07-07 15:11:50,937-camera.py-[line:116]-ERROR-[log]:摄像头/dev/video2打开失败
2025-07-07 15:11:51,939-camera.py-[line:116]-ERROR-[log]:摄像头/dev/video2打开失败
2025-07-07 15:12:20,684-camera.py-[line:116]-ERROR-[log]:摄像头/dev/video2打开失败
2025-07-07 15:12:21,688-camera.py-[line:116]-ERROR-[log]:摄像头/dev/video2打开失败
2025-07-07 15:12:22,690-camera.py-[line:116]-ERROR-[log]:摄像头/dev/video2打开失败
2025-07-07 15:12:23,692-camera.py-[line:116]-ERROR-[log]:摄像头/dev/video2打开失败
2025-07-07 15:12:24,693-camera.py-[line:116]-ERROR-[log]:摄像头/dev/video2打开失败
2025-07-07 15:12:25,696-camera.py-[line:116]-ERROR-[log]:摄像头/dev/video2打开失败
2025-07-07 15:13:59,534-camera.py-[line:150]-ERROR-[log]:read:读取图像错误!!!!/dev/video2
2025-07-07 15:13:59,536-camera.py-[line:116]-ERROR-[log]:摄像头/dev/video2打开失败
2025-07-07 15:14:00,537-camera.py-[line:116]-ERROR-[log]:摄像头/dev/video2打开失败
2025-07-07 15:14:01,540-camera.py-[line:116]-ERROR-[log]:摄像头/dev/video2打开失败
2025-07-07 15:14:02,542-camera.py-[line:116]-ERROR-[log]:摄像头/dev/video2打开失败
2025-07-07 15:14:03,544-camera.py-[line:116]-ERROR-[log]:摄像头/dev/video2打开失败
2025-07-07 15:14:04,545-camera.py-[line:116]-ERROR-[log]:摄像头/dev/video2打开失败
2025-07-07 15:14:05,547-camera.py-[line:116]-ERROR-[log]:摄像头/dev/video2打开失败
2025-07-07 15:14:06,549-camera.py-[line:116]-ERROR-[log]:摄像头/dev/video2打开失败
2025-07-07 15:14:07,552-camera.py-[line:116]-ERROR-[log]:摄像头/dev/video2打开失败
2025-07-07 15:14:08,553-camera.py-[line:116]-ERROR-[log]:摄像头/dev/video2打开失败
2025-07-07 15:14:09,555-camera.py-[line:116]-ERROR-[log]:摄像头/dev/video2打开失败
2025-07-07 15:14:10,557-camera.py-[line:116]-ERROR-[log]:摄像头/dev/video2打开失败
2025-07-07 15:14:11,559-camera.py-[line:116]-ERROR-[log]:摄像头/dev/video2打开失败
2025-07-07 15:14:12,561-camera.py-[line:116]-ERROR-[log]:摄像头/dev/video2打开失败
2025-07-07 15:14:13,563-camera.py-[line:116]-ERROR-[log]:摄像头/dev/video2打开失败
2025-07-07 15:14:14,565-camera.py-[line:116]-ERROR-[log]:摄像头/dev/video2打开失败
2025-07-07 15:14:15,567-camera.py-[line:116]-ERROR-[log]:摄像头/dev/video2打开失败
2025-07-07 15:14:16,569-camera.py-[line:116]-ERROR-[log]:摄像头/dev/video2打开失败
2025-07-07 15:14:17,574-camera.py-[line:116]-ERROR-[log]:摄像头/dev/video2打开失败
2025-07-07 15:14:18,577-camera.py-[line:116]-ERROR-[log]:摄像头/dev/video2打开失败
2025-07-07 15:14:19,580-camera.py-[line:116]-ERROR-[log]:摄像头/dev/video2打开失败
2025-07-07 15:14:20,582-camera.py-[line:116]-ERROR-[log]:摄像头/dev/video2打开失败
2025-07-07 15:14:21,584-camera.py-[line:116]-ERROR-[log]:摄像头/dev/video2打开失败
2025-07-07 15:14:22,585-camera.py-[line:116]-ERROR-[log]:摄像头/dev/video2打开失败
2025-07-07 15:14:23,587-camera.py-[line:116]-ERROR-[log]:摄像头/dev/video2打开失败
2025-07-07 15:14:24,589-camera.py-[line:116]-ERROR-[log]:摄像头/dev/video2打开失败
2025-07-07 15:14:25,591-camera.py-[line:116]-ERROR-[log]:摄像头/dev/video2打开失败
2025-07-07 15:14:26,593-camera.py-[line:116]-ERROR-[log]:摄像头/dev/video2打开失败
2025-07-07 15:14:27,595-camera.py-[line:116]-ERROR-[log]:摄像头/dev/video2打开失败
2025-07-07 15:14:28,597-camera.py-[line:116]-ERROR-[log]:摄像头/dev/video2打开失败
2025-07-07 15:14:29,599-camera.py-[line:116]-ERROR-[log]:摄像头/dev/video2打开失败
2025-07-07 15:14:30,601-camera.py-[line:116]-ERROR-[log]:摄像头/dev/video2打开失败
2025-07-07 15:14:31,603-camera.py-[line:116]-ERROR-[log]:摄像头/dev/video2打开失败
2025-07-07 15:14:32,604-camera.py-[line:116]-ERROR-[log]:摄像头/dev/video2打开失败
2025-07-07 15:14:33,606-camera.py-[line:116]-ERROR-[log]:摄像头/dev/video2打开失败
2025-07-07 15:14:34,608-camera.py-[line:116]-ERROR-[log]:摄像头/dev/video2打开失败
2025-07-07 15:14:35,610-camera.py-[line:116]-ERROR-[log]:摄像头/dev/video2打开失败
2025-07-07 15:14:36,617-camera.py-[line:116]-ERROR-[log]:摄像头/dev/video2打开失败
2025-07-07 15:14:37,623-camera.py-[line:116]-ERROR-[log]:摄像头/dev/video2打开失败
2025-07-07 15:14:38,626-camera.py-[line:116]-ERROR-[log]:摄像头/dev/video2打开失败
2025-07-07 15:14:39,631-camera.py-[line:116]-ERROR-[log]:摄像头/dev/video2打开失败
2025-07-07 15:14:40,643-camera.py-[line:116]-ERROR-[log]:摄像头/dev/video2打开失败
2025-07-07 15:14:41,645-camera.py-[line:116]-ERROR-[log]:摄像头/dev/video2打开失败
2025-07-07 15:14:42,647-camera.py-[line:116]-ERROR-[log]:摄像头/dev/video2打开失败
2025-07-07 15:14:43,649-camera.py-[line:116]-ERROR-[log]:摄像头/dev/video2打开失败
2025-07-07 15:14:44,651-camera.py-[line:116]-ERROR-[log]:摄像头/dev/video2打开失败
2025-07-07 15:14:45,653-camera.py-[line:116]-ERROR-[log]:摄像头/dev/video2打开失败
2025-07-07 15:14:46,656-camera.py-[line:116]-ERROR-[log]:摄像头/dev/video2打开失败
2025-07-07 15:14:47,657-camera.py-[line:116]-ERROR-[log]:摄像头/dev/video2打开失败
2025-07-07 15:14:48,665-camera.py-[line:116]-ERROR-[log]:摄像头/dev/video2打开失败
2025-07-07 15:14:49,670-camera.py-[line:116]-ERROR-[log]:摄像头/dev/video2打开失败
2025-07-07 15:14:50,673-camera.py-[line:116]-ERROR-[log]:摄像头/dev/video2打开失败
2025-07-07 15:14:51,673-camera.py-[line:116]-ERROR-[log]:摄像头/dev/video2打开失败
2025-07-07 15:14:52,676-camera.py-[line:116]-ERROR-[log]:摄像头/dev/video2打开失败
2025-07-07 15:14:53,677-camera.py-[line:116]-ERROR-[log]:摄像头/dev/video2打开失败
2025-07-07 15:14:54,683-camera.py-[line:116]-ERROR-[log]:摄像头/dev/video2打开失败
2025-07-07 15:14:55,686-camera.py-[line:116]-ERROR-[log]:摄像头/dev/video2打开失败
2025-07-07 15:14:56,688-camera.py-[line:116]-ERROR-[log]:摄像头/dev/video2打开失败
2025-07-07 15:14:57,690-camera.py-[line:116]-ERROR-[log]:摄像头/dev/video2打开失败
2025-07-07 15:14:58,692-camera.py-[line:116]-ERROR-[log]:摄像头/dev/video2打开失败
2025-07-07 15:14:59,694-camera.py-[line:116]-ERROR-[log]:摄像头/dev/video2打开失败
2025-07-07 15:15:00,699-camera.py-[line:116]-ERROR-[log]:摄像头/dev/video2打开失败
2025-07-07 15:15:01,701-camera.py-[line:116]-ERROR-[log]:摄像头/dev/video2打开失败
2025-07-07 15:15:02,704-camera.py-[line:116]-ERROR-[log]:摄像头/dev/video2打开失败
2025-07-07 15:15:03,706-camera.py-[line:116]-ERROR-[log]:摄像头/dev/video2打开失败
2025-07-07 15:15:04,708-camera.py-[line:116]-ERROR-[log]:摄像头/dev/video2打开失败
2025-07-07 15:15:05,709-camera.py-[line:116]-ERROR-[log]:摄像头/dev/video2打开失败
2025-07-07 15:15:06,712-camera.py-[line:116]-ERROR-[log]:摄像头/dev/video2打开失败
2025-07-07 15:15:07,714-camera.py-[line:116]-ERROR-[log]:摄像头/dev/video2打开失败
2025-07-07 15:15:08,716-camera.py-[line:116]-ERROR-[log]:摄像头/dev/video2打开失败
2025-07-07 15:15:09,717-camera.py-[line:116]-ERROR-[log]:摄像头/dev/video2打开失败
2025-07-07 15:15:10,719-camera.py-[line:116]-ERROR-[log]:摄像头/dev/video2打开失败
2025-07-07 15:15:11,721-camera.py-[line:116]-ERROR-[log]:摄像头/dev/video2打开失败
2025-07-07 15:15:12,723-camera.py-[line:116]-ERROR-[log]:摄像头/dev/video2打开失败
2025-07-07 15:15:13,725-camera.py-[line:116]-ERROR-[log]:摄像头/dev/video2打开失败
2025-07-07 15:15:14,727-camera.py-[line:116]-ERROR-[log]:摄像头/dev/video2打开失败
2025-07-07 15:15:15,729-camera.py-[line:116]-ERROR-[log]:摄像头/dev/video2打开失败
2025-07-07 15:15:16,732-camera.py-[line:116]-ERROR-[log]:摄像头/dev/video2打开失败
2025-07-07 15:15:17,733-camera.py-[line:116]-ERROR-[log]:摄像头/dev/video2打开失败
2025-07-07 15:15:18,735-camera.py-[line:116]-ERROR-[log]:摄像头/dev/video2打开失败
2025-07-07 15:15:19,737-camera.py-[line:116]-ERROR-[log]:摄像头/dev/video2打开失败
2025-07-07 15:15:20,739-camera.py-[line:116]-ERROR-[log]:摄像头/dev/video2打开失败
2025-07-07 15:15:21,741-camera.py-[line:116]-ERROR-[log]:摄像头/dev/video2打开失败
2025-07-07 15:15:22,744-camera.py-[line:116]-ERROR-[log]:摄像头/dev/video2打开失败
2025-07-07 15:15:23,745-camera.py-[line:116]-ERROR-[log]:摄像头/dev/video2打开失败
2025-07-07 15:15:24,748-camera.py-[line:116]-ERROR-[log]:摄像头/dev/video2打开失败
2025-07-07 15:15:25,749-camera.py-[line:116]-ERROR-[log]:摄像头/dev/video2打开失败
2025-07-07 15:15:26,752-camera.py-[line:116]-ERROR-[log]:摄像头/dev/video2打开失败
2025-07-07 15:15:27,753-camera.py-[line:116]-ERROR-[log]:摄像头/dev/video2打开失败
2025-07-07 15:15:28,756-camera.py-[line:116]-ERROR-[log]:摄像头/dev/video2打开失败
2025-07-07 15:15:29,757-camera.py-[line:116]-ERROR-[log]:摄像头/dev/video2打开失败
2025-07-07 15:15:30,759-camera.py-[line:116]-ERROR-[log]:摄像头/dev/video2打开失败
2025-07-07 15:15:31,761-camera.py-[line:116]-ERROR-[log]:摄像头/dev/video2打开失败
2025-07-07 15:15:32,763-camera.py-[line:116]-ERROR-[log]:摄像头/dev/video2打开失败
2025-07-07 15:15:33,765-camera.py-[line:116]-ERROR-[log]:摄像头/dev/video2打开失败
2025-07-07 15:15:34,768-camera.py-[line:116]-ERROR-[log]:摄像头/dev/video2打开失败
2025-07-07 15:15:35,769-camera.py-[line:116]-ERROR-[log]:摄像头/dev/video2打开失败
2025-07-07 15:15:36,771-camera.py-[line:116]-ERROR-[log]:摄像头/dev/video2打开失败
2025-07-07 15:15:37,780-camera.py-[line:116]-ERROR-[log]:摄像头/dev/video2打开失败
2025-07-07 15:15:38,823-camera.py-[line:116]-ERROR-[log]:摄像头/dev/video2打开失败
2025-07-07 15:15:39,854-camera.py-[line:116]-ERROR-[log]:摄像头/dev/video2打开失败
2025-07-07 15:15:40,897-camera.py-[line:116]-ERROR-[log]:摄像头/dev/video2打开失败
2025-07-07 15:15:41,934-camera.py-[line:116]-ERROR-[log]:摄像头/dev/video2打开失败
2025-07-07 15:15:42,982-camera.py-[line:116]-ERROR-[log]:摄像头/dev/video2打开失败
2025-07-07 15:15:44,015-camera.py-[line:116]-ERROR-[log]:摄像头/dev/video2打开失败
2025-07-07 15:15:45,048-camera.py-[line:116]-ERROR-[log]:摄像头/dev/video2打开失败
2025-07-07 15:15:46,116-camera.py-[line:116]-ERROR-[log]:摄像头/dev/video2打开失败
2025-07-07 15:15:47,146-camera.py-[line:116]-ERROR-[log]:摄像头/dev/video2打开失败
2025-07-07 15:15:48,183-camera.py-[line:116]-ERROR-[log]:摄像头/dev/video2打开失败
2025-07-07 15:15:49,214-camera.py-[line:116]-ERROR-[log]:摄像头/dev/video2打开失败
2025-07-07 15:15:50,241-camera.py-[line:116]-ERROR-[log]:摄像头/dev/video2打开失败
2025-07-07 15:15:51,280-camera.py-[line:116]-ERROR-[log]:摄像头/dev/video2打开失败
2025-07-07 15:15:52,316-camera.py-[line:116]-ERROR-[log]:摄像头/dev/video2打开失败
2025-07-07 15:15:53,349-camera.py-[line:116]-ERROR-[log]:摄像头/dev/video2打开失败
2025-07-07 15:15:54,383-camera.py-[line:116]-ERROR-[log]:摄像头/dev/video2打开失败
2025-07-07 15:15:55,418-camera.py-[line:116]-ERROR-[log]:摄像头/dev/video2打开失败
2025-07-07 15:15:56,439-camera.py-[line:116]-ERROR-[log]:摄像头/dev/video2打开失败
2025-07-07 15:15:57,473-camera.py-[line:116]-ERROR-[log]:摄像头/dev/video2打开失败
2025-07-07 15:16:16,158-camera.py-[line:116]-ERROR-[log]:摄像头/dev/video2打开失败
2025-07-07 15:16:17,161-camera.py-[line:116]-ERROR-[log]:摄像头/dev/video2打开失败
2025-07-07 15:16:45,917-camera.py-[line:116]-ERROR-[log]:摄像头/dev/video2打开失败
2025-07-07 15:16:46,920-camera.py-[line:116]-ERROR-[log]:摄像头/dev/video2打开失败
2025-07-07 15:16:47,922-camera.py-[line:116]-ERROR-[log]:摄像头/dev/video2打开失败
2025-07-07 15:18:39,121-camera.py-[line:150]-ERROR-[log]:read:读取图像错误!!!!/dev/video2
2025-07-07 15:18:39,123-camera.py-[line:116]-ERROR-[log]:摄像头/dev/video2打开失败
2025-07-07 15:18:40,125-camera.py-[line:116]-ERROR-[log]:摄像头/dev/video2打开失败
2025-07-07 15:18:41,127-camera.py-[line:116]-ERROR-[log]:摄像头/dev/video2打开失败
2025-07-07 15:18:42,129-camera.py-[line:116]-ERROR-[log]:摄像头/dev/video2打开失败
2025-07-07 15:18:43,131-camera.py-[line:116]-ERROR-[log]:摄像头/dev/video2打开失败
2025-07-07 15:18:44,133-camera.py-[line:116]-ERROR-[log]:摄像头/dev/video2打开失败
2025-07-07 15:18:45,136-camera.py-[line:116]-ERROR-[log]:摄像头/dev/video2打开失败
2025-07-07 15:18:46,148-camera.py-[line:116]-ERROR-[log]:摄像头/dev/video2打开失败
2025-07-07 15:18:47,171-camera.py-[line:116]-ERROR-[log]:摄像头/dev/video2打开失败
2025-07-07 15:18:48,227-camera.py-[line:116]-ERROR-[log]:摄像头/dev/video2打开失败
2025-07-07 15:18:49,266-camera.py-[line:116]-ERROR-[log]:摄像头/dev/video2打开失败
2025-07-07 15:18:50,279-camera.py-[line:116]-ERROR-[log]:摄像头/dev/video2打开失败
2025-07-07 15:18:51,281-camera.py-[line:116]-ERROR-[log]:摄像头/dev/video2打开失败
2025-07-07 15:18:52,282-camera.py-[line:116]-ERROR-[log]:摄像头/dev/video2打开失败
2025-07-07 15:18:53,290-camera.py-[line:116]-ERROR-[log]:摄像头/dev/video2打开失败
2025-07-07 15:18:54,334-camera.py-[line:116]-ERROR-[log]:摄像头/dev/video2打开失败
2025-07-07 15:18:55,388-camera.py-[line:116]-ERROR-[log]:摄像头/dev/video2打开失败
2025-07-07 15:18:56,416-camera.py-[line:116]-ERROR-[log]:摄像头/dev/video2打开失败
2025-07-07 15:18:57,459-camera.py-[line:116]-ERROR-[log]:摄像头/dev/video2打开失败
2025-07-07 15:18:58,507-camera.py-[line:116]-ERROR-[log]:摄像头/dev/video2打开失败
2025-07-07 15:18:59,554-camera.py-[line:116]-ERROR-[log]:摄像头/dev/video2打开失败
2025-07-07 15:19:00,578-camera.py-[line:116]-ERROR-[log]:摄像头/dev/video2打开失败
2025-07-07 15:19:01,611-camera.py-[line:116]-ERROR-[log]:摄像头/dev/video2打开失败
2025-07-07 15:19:02,645-camera.py-[line:116]-ERROR-[log]:摄像头/dev/video2打开失败
2025-07-07 15:19:03,662-camera.py-[line:116]-ERROR-[log]:摄像头/dev/video2打开失败
2025-07-07 15:19:04,705-camera.py-[line:116]-ERROR-[log]:摄像头/dev/video2打开失败
2025-07-07 15:19:05,771-camera.py-[line:116]-ERROR-[log]:摄像头/dev/video2打开失败
2025-07-07 15:19:20,230-camera.py-[line:150]-ERROR-[log]:read:读取图像错误!!!!/dev/video2
2025-07-07 15:19:20,262-camera.py-[line:116]-ERROR-[log]:摄像头/dev/video2打开失败
2025-07-07 15:19:21,321-camera.py-[line:116]-ERROR-[log]:摄像头/dev/video2打开失败
2025-07-07 15:19:21,581-camera.py-[line:116]-ERROR-[log]:摄像头/dev/video2打开失败
2025-07-07 15:19:22,357-camera.py-[line:116]-ERROR-[log]:摄像头/dev/video2打开失败
2025-07-07 15:19:22,583-camera.py-[line:116]-ERROR-[log]:摄像头/dev/video2打开失败
2025-07-07 15:19:23,399-camera.py-[line:116]-ERROR-[log]:摄像头/dev/video2打开失败
2025-07-07 15:19:23,585-camera.py-[line:116]-ERROR-[log]:摄像头/dev/video2打开失败
2025-07-07 15:19:24,434-camera.py-[line:116]-ERROR-[log]:摄像头/dev/video2打开失败
2025-07-07 15:19:24,588-camera.py-[line:116]-ERROR-[log]:摄像头/dev/video2打开失败
2025-07-07 15:19:25,474-camera.py-[line:116]-ERROR-[log]:摄像头/dev/video2打开失败
2025-07-07 15:19:25,590-camera.py-[line:116]-ERROR-[log]:摄像头/dev/video2打开失败
2025-07-07 15:19:26,518-camera.py-[line:116]-ERROR-[log]:摄像头/dev/video2打开失败
2025-07-07 15:19:26,592-camera.py-[line:116]-ERROR-[log]:摄像头/dev/video2打开失败
2025-07-07 15:19:27,555-camera.py-[line:116]-ERROR-[log]:摄像头/dev/video2打开失败
2025-07-07 15:19:28,590-camera.py-[line:116]-ERROR-[log]:摄像头/dev/video2打开失败
2025-07-07 15:19:29,634-camera.py-[line:116]-ERROR-[log]:摄像头/dev/video2打开失败
2025-07-07 15:19:30,675-camera.py-[line:116]-ERROR-[log]:摄像头/dev/video2打开失败
2025-07-07 15:22:26,912-camera.py-[line:150]-ERROR-[log]:read:读取图像错误!!!!/dev/video2
2025-07-07 15:22:26,914-camera.py-[line:116]-ERROR-[log]:摄像头/dev/video2打开失败
2025-07-07 15:22:27,916-camera.py-[line:116]-ERROR-[log]:摄像头/dev/video2打开失败
2025-07-07 15:22:28,917-camera.py-[line:116]-ERROR-[log]:摄像头/dev/video2打开失败
2025-07-07 15:22:29,919-camera.py-[line:116]-ERROR-[log]:摄像头/dev/video2打开失败
2025-07-07 15:22:30,922-camera.py-[line:116]-ERROR-[log]:摄像头/dev/video2打开失败
2025-07-07 15:22:31,924-camera.py-[line:116]-ERROR-[log]:摄像头/dev/video2打开失败
2025-07-07 15:22:32,925-camera.py-[line:116]-ERROR-[log]:摄像头/dev/video2打开失败
2025-07-07 15:22:33,928-camera.py-[line:116]-ERROR-[log]:摄像头/dev/video2打开失败
2025-07-07 15:22:34,930-camera.py-[line:116]-ERROR-[log]:摄像头/dev/video2打开失败
2025-07-07 15:22:35,932-camera.py-[line:116]-ERROR-[log]:摄像头/dev/video2打开失败
2025-07-07 15:22:36,933-camera.py-[line:116]-ERROR-[log]:摄像头/dev/video2打开失败
2025-07-07 15:22:37,936-camera.py-[line:116]-ERROR-[log]:摄像头/dev/video2打开失败
2025-07-07 15:22:38,938-camera.py-[line:116]-ERROR-[log]:摄像头/dev/video2打开失败
2025-07-07 15:22:39,939-camera.py-[line:116]-ERROR-[log]:摄像头/dev/video2打开失败
2025-07-07 15:22:40,941-camera.py-[line:116]-ERROR-[log]:摄像头/dev/video2打开失败
2025-07-07 15:22:41,943-camera.py-[line:116]-ERROR-[log]:摄像头/dev/video2打开失败
2025-07-07 15:22:42,945-camera.py-[line:116]-ERROR-[log]:摄像头/dev/video2打开失败
2025-07-07 15:22:43,948-camera.py-[line:116]-ERROR-[log]:摄像头/dev/video2打开失败
2025-07-07 15:22:44,949-camera.py-[line:116]-ERROR-[log]:摄像头/dev/video2打开失败
2025-07-07 15:22:45,951-camera.py-[line:116]-ERROR-[log]:摄像头/dev/video2打开失败
2025-07-07 15:22:46,963-camera.py-[line:116]-ERROR-[log]:摄像头/dev/video2打开失败
2025-07-07 15:22:48,002-camera.py-[line:116]-ERROR-[log]:摄像头/dev/video2打开失败
2025-07-07 15:22:49,035-camera.py-[line:116]-ERROR-[log]:摄像头/dev/video2打开失败
2025-07-07 15:22:50,070-camera.py-[line:116]-ERROR-[log]:摄像头/dev/video2打开失败
2025-07-07 15:22:51,105-camera.py-[line:116]-ERROR-[log]:摄像头/dev/video2打开失败
2025-07-07 15:22:52,142-camera.py-[line:116]-ERROR-[log]:摄像头/dev/video2打开失败
2025-07-07 15:22:53,180-camera.py-[line:116]-ERROR-[log]:摄像头/dev/video2打开失败
2025-07-07 15:22:54,212-camera.py-[line:116]-ERROR-[log]:摄像头/dev/video2打开失败
2025-07-07 15:22:55,245-camera.py-[line:116]-ERROR-[log]:摄像头/dev/video2打开失败
2025-07-07 15:22:56,272-camera.py-[line:116]-ERROR-[log]:摄像头/dev/video2打开失败
2025-07-07 15:22:57,300-camera.py-[line:116]-ERROR-[log]:摄像头/dev/video2打开失败
2025-07-07 15:22:58,352-camera.py-[line:116]-ERROR-[log]:摄像头/dev/video2打开失败
2025-07-07 15:22:59,392-camera.py-[line:116]-ERROR-[log]:摄像头/dev/video2打开失败
2025-07-07 15:23:00,446-camera.py-[line:116]-ERROR-[log]:摄像头/dev/video2打开失败
2025-07-07 15:23:01,484-camera.py-[line:116]-ERROR-[log]:摄像头/dev/video2打开失败
2025-07-07 15:23:02,511-camera.py-[line:116]-ERROR-[log]:摄像头/dev/video2打开失败
2025-07-07 15:23:03,543-camera.py-[line:116]-ERROR-[log]:摄像头/dev/video2打开失败
2025-07-07 15:23:04,585-camera.py-[line:116]-ERROR-[log]:摄像头/dev/video2打开失败
2025-07-07 15:23:05,607-camera.py-[line:116]-ERROR-[log]:摄像头/dev/video2打开失败
2025-07-07 15:23:06,645-camera.py-[line:116]-ERROR-[log]:摄像头/dev/video2打开失败
2025-07-07 15:23:07,685-camera.py-[line:116]-ERROR-[log]:摄像头/dev/video2打开失败
2025-07-07 15:23:08,716-camera.py-[line:116]-ERROR-[log]:摄像头/dev/video2打开失败
2025-07-07 15:23:09,748-camera.py-[line:116]-ERROR-[log]:摄像头/dev/video2打开失败
2025-07-07 15:23:10,786-camera.py-[line:116]-ERROR-[log]:摄像头/dev/video2打开失败
2025-07-07 14:46:59,452-camera.py-[line:116]-ERROR-[log]:摄像头/dev/video2打开失败
2025-07-07 14:47:00,455-camera.py-[line:116]-ERROR-[log]:摄像头/dev/video2打开失败
2025-07-07 14:47:01,457-camera.py-[line:116]-ERROR-[log]:摄像头/dev/video2打开失败
2025-07-07 14:47:02,459-camera.py-[line:116]-ERROR-[log]:摄像头/dev/video2打开失败
2025-07-07 14:47:03,461-camera.py-[line:116]-ERROR-[log]:摄像头/dev/video2打开失败
2025-07-07 14:47:04,463-camera.py-[line:116]-ERROR-[log]:摄像头/dev/video2打开失败
2025-07-07 14:44:00,384-controller2.py-[line:279]-ERROR-[log]:未找到串口,查看是否插入了串口,或者查看下位机是否开机
2025-07-07 14:46:23,662-camera.py-[line:150]-ERROR-[log]:read:读取图像错误!!!!/dev/video2
2025-07-07 14:46:23,701-camera.py-[line:116]-ERROR-[log]:摄像头/dev/video2打开失败
2025-07-07 14:46:24,723-camera.py-[line:116]-ERROR-[log]:摄像头/dev/video2打开失败
2025-07-07 14:46:25,760-camera.py-[line:116]-ERROR-[log]:摄像头/dev/video2打开失败
2025-07-07 14:46:26,798-camera.py-[line:116]-ERROR-[log]:摄像头/dev/video2打开失败
2025-07-07 14:46:27,846-camera.py-[line:116]-ERROR-[log]:摄像头/dev/video2打开失败
2025-07-07 14:46:28,883-camera.py-[line:116]-ERROR-[log]:摄像头/dev/video2打开失败
2025-07-07 14:46:29,916-camera.py-[line:116]-ERROR-[log]:摄像头/dev/video2打开失败
2025-07-07 14:46:30,957-camera.py-[line:116]-ERROR-[log]:摄像头/dev/video2打开失败
2025-07-07 14:46:31,984-camera.py-[line:116]-ERROR-[log]:摄像头/dev/video2打开失败
2025-07-07 14:46:33,017-camera.py-[line:116]-ERROR-[log]:摄像头/dev/video2打开失败
2025-07-07 14:46:34,051-camera.py-[line:116]-ERROR-[log]:摄像头/dev/video2打开失败
2025-07-07 14:46:35,095-camera.py-[line:116]-ERROR-[log]:摄像头/dev/video2打开失败
2025-07-07 14:46:36,148-camera.py-[line:116]-ERROR-[log]:摄像头/dev/video2打开失败
2025-07-07 14:46:37,189-camera.py-[line:116]-ERROR-[log]:摄像头/dev/video2打开失败
2025-07-07 14:46:38,236-camera.py-[line:116]-ERROR-[log]:摄像头/dev/video2打开失败
2025-07-07 14:46:39,277-camera.py-[line:116]-ERROR-[log]:摄像头/dev/video2打开失败
2025-07-07 14:46:40,309-camera.py-[line:116]-ERROR-[log]:摄像头/dev/video2打开失败
2025-07-07 14:46:41,342-camera.py-[line:116]-ERROR-[log]:摄像头/dev/video2打开失败
2025-07-07 14:46:42,368-camera.py-[line:116]-ERROR-[log]:摄像头/dev/video2打开失败
2025-07-07 14:46:43,396-camera.py-[line:116]-ERROR-[log]:摄像头/dev/video2打开失败
2025-07-07 14:46:44,439-camera.py-[line:116]-ERROR-[log]:摄像头/dev/video2打开失败
2025-07-07 14:46:45,461-camera.py-[line:116]-ERROR-[log]:摄像头/dev/video2打开失败
2025-07-07 14:46:46,510-camera.py-[line:116]-ERROR-[log]:摄像头/dev/video2打开失败
2025-07-07 14:46:47,553-camera.py-[line:116]-ERROR-[log]:摄像头/dev/video2打开失败
2025-07-07 14:46:48,587-camera.py-[line:116]-ERROR-[log]:摄像头/dev/video2打开失败
2025-07-07 14:46:49,599-camera.py-[line:116]-ERROR-[log]:摄像头/dev/video2打开失败
2025-07-07 14:46:50,624-camera.py-[line:116]-ERROR-[log]:摄像头/dev/video2打开失败
2025-07-07 14:46:51,659-camera.py-[line:116]-ERROR-[log]:摄像头/dev/video2打开失败
2025-07-07 14:46:52,707-camera.py-[line:116]-ERROR-[log]:摄像头/dev/video2打开失败
2025-07-07 14:46:53,757-camera.py-[line:116]-ERROR-[log]:摄像头/dev/video2打开失败
2025-07-07 14:46:54,782-camera.py-[line:116]-ERROR-[log]:摄像头/dev/video2打开失败
2025-07-07 14:46:55,811-camera.py-[line:116]-ERROR-[log]:摄像头/dev/video2打开失败
2025-07-07 14:46:56,837-camera.py-[line:116]-ERROR-[log]:摄像头/dev/video2打开失败
2025-07-07 14:46:57,849-camera.py-[line:116]-ERROR-[log]:摄像头/dev/video2打开失败
2025-07-07 14:46:58,882-camera.py-[line:116]-ERROR-[log]:摄像头/dev/video2打开失败
2025-07-07 14:46:59,918-camera.py-[line:116]-ERROR-[log]:摄像头/dev/video2打开失败
2025-07-07 14:48:42,754-camera.py-[line:150]-ERROR-[log]:read:读取图像错误!!!!/dev/video2
2025-07-07 14:48:42,757-camera.py-[line:116]-ERROR-[log]:摄像头/dev/video2打开失败
2025-07-07 14:48:43,759-camera.py-[line:116]-ERROR-[log]:摄像头/dev/video2打开失败
2025-07-07 14:48:44,761-camera.py-[line:116]-ERROR-[log]:摄像头/dev/video2打开失败
2025-07-07 14:48:45,763-camera.py-[line:116]-ERROR-[log]:摄像头/dev/video2打开失败
2025-07-07 14:48:46,765-camera.py-[line:116]-ERROR-[log]:摄像头/dev/video2打开失败
2025-07-07 14:48:47,767-camera.py-[line:116]-ERROR-[log]:摄像头/dev/video2打开失败
2025-07-07 14:48:48,769-camera.py-[line:116]-ERROR-[log]:摄像头/dev/video2打开失败
2025-07-07 14:48:49,772-camera.py-[line:116]-ERROR-[log]:摄像头/dev/video2打开失败
2025-07-07 14:48:50,773-camera.py-[line:116]-ERROR-[log]:摄像头/dev/video2打开失败
2025-07-07 14:48:51,776-camera.py-[line:116]-ERROR-[log]:摄像头/dev/video2打开失败
2025-07-07 14:48:52,778-camera.py-[line:116]-ERROR-[log]:摄像头/dev/video2打开失败
2025-07-07 14:48:53,780-camera.py-[line:116]-ERROR-[log]:摄像头/dev/video2打开失败
2025-07-07 14:48:54,782-camera.py-[line:116]-ERROR-[log]:摄像头/dev/video2打开失败
2025-07-07 14:48:55,784-camera.py-[line:116]-ERROR-[log]:摄像头/dev/video2打开失败
2025-07-07 14:48:56,786-camera.py-[line:116]-ERROR-[log]:摄像头/dev/video2打开失败
2025-07-07 14:48:57,788-camera.py-[line:116]-ERROR-[log]:摄像头/dev/video2打开失败
2025-07-07 14:48:58,790-camera.py-[line:116]-ERROR-[log]:摄像头/dev/video2打开失败
2025-07-07 14:48:59,792-camera.py-[line:116]-ERROR-[log]:摄像头/dev/video2打开失败
2025-07-07 14:49:00,794-camera.py-[line:116]-ERROR-[log]:摄像头/dev/video2打开失败
2025-07-07 14:49:01,796-camera.py-[line:116]-ERROR-[log]:摄像头/dev/video2打开失败
2025-07-07 14:49:02,798-camera.py-[line:116]-ERROR-[log]:摄像头/dev/video2打开失败
2025-07-07 14:49:03,800-camera.py-[line:116]-ERROR-[log]:摄像头/dev/video2打开失败
2025-07-07 14:49:04,802-camera.py-[line:116]-ERROR-[log]:摄像头/dev/video2打开失败
2025-07-07 14:49:05,804-camera.py-[line:116]-ERROR-[log]:摄像头/dev/video2打开失败
2025-07-07 14:49:06,806-camera.py-[line:116]-ERROR-[log]:摄像头/dev/video2打开失败
2025-07-07 14:49:07,808-camera.py-[line:116]-ERROR-[log]:摄像头/dev/video2打开失败
2025-07-07 14:49:08,810-camera.py-[line:116]-ERROR-[log]:摄像头/dev/video2打开失败
2025-07-07 14:49:09,812-camera.py-[line:116]-ERROR-[log]:摄像头/dev/video2打开失败
2025-07-07 14:49:10,814-camera.py-[line:116]-ERROR-[log]:摄像头/dev/video2打开失败
2025-07-07 14:49:11,815-camera.py-[line:116]-ERROR-[log]:摄像头/dev/video2打开失败
2025-07-07 14:49:12,817-camera.py-[line:116]-ERROR-[log]:摄像头/dev/video2打开失败
2025-07-07 14:49:13,819-camera.py-[line:116]-ERROR-[log]:摄像头/dev/video2打开失败
2025-07-07 14:49:14,821-camera.py-[line:116]-ERROR-[log]:摄像头/dev/video2打开失败
2025-07-07 14:49:15,822-camera.py-[line:116]-ERROR-[log]:摄像头/dev/video2打开失败
2025-07-07 14:49:16,824-camera.py-[line:116]-ERROR-[log]:摄像头/dev/video2打开失败
2025-07-07 14:49:17,826-camera.py-[line:116]-ERROR-[log]:摄像头/dev/video2打开失败
2025-07-07 14:49:18,828-camera.py-[line:116]-ERROR-[log]:摄像头/dev/video2打开失败
2025-07-07 14:49:19,830-camera.py-[line:116]-ERROR-[log]:摄像头/dev/video2打开失败
2025-07-07 14:49:20,833-camera.py-[line:116]-ERROR-[log]:摄像头/dev/video2打开失败
2025-07-07 14:49:21,834-camera.py-[line:116]-ERROR-[log]:摄像头/dev/video2打开失败
2025-07-07 14:49:22,836-camera.py-[line:116]-ERROR-[log]:摄像头/dev/video2打开失败
2025-07-07 14:49:23,838-camera.py-[line:116]-ERROR-[log]:摄像头/dev/video2打开失败
2025-07-07 14:49:24,840-camera.py-[line:116]-ERROR-[log]:摄像头/dev/video2打开失败
2025-07-07 14:49:25,842-camera.py-[line:116]-ERROR-[log]:摄像头/dev/video2打开失败
2025-07-07 14:49:26,844-camera.py-[line:116]-ERROR-[log]:摄像头/dev/video2打开失败
2025-07-07 14:49:27,846-camera.py-[line:116]-ERROR-[log]:摄像头/dev/video2打开失败
2025-07-07 14:49:28,848-camera.py-[line:116]-ERROR-[log]:摄像头/dev/video2打开失败
2025-07-07 14:49:29,850-camera.py-[line:116]-ERROR-[log]:摄像头/dev/video2打开失败
2025-07-07 14:49:30,853-camera.py-[line:116]-ERROR-[log]:摄像头/dev/video2打开失败
2025-07-07 14:49:31,856-camera.py-[line:116]-ERROR-[log]:摄像头/dev/video2打开失败
2025-07-07 14:49:32,858-camera.py-[line:116]-ERROR-[log]:摄像头/dev/video2打开失败
2025-07-07 14:49:33,860-camera.py-[line:116]-ERROR-[log]:摄像头/dev/video2打开失败
2025-07-07 14:49:34,862-camera.py-[line:116]-ERROR-[log]:摄像头/dev/video2打开失败
2025-07-07 14:49:35,864-camera.py-[line:116]-ERROR-[log]:摄像头/dev/video2打开失败
2025-07-07 14:49:36,866-camera.py-[line:116]-ERROR-[log]:摄像头/dev/video2打开失败
2025-07-07 14:49:37,868-camera.py-[line:116]-ERROR-[log]:摄像头/dev/video2打开失败
2025-07-07 14:49:38,870-camera.py-[line:116]-ERROR-[log]:摄像头/dev/video2打开失败
2025-07-07 14:49:39,872-camera.py-[line:116]-ERROR-[log]:摄像头/dev/video2打开失败
2025-07-07 14:49:40,874-camera.py-[line:116]-ERROR-[log]:摄像头/dev/video2打开失败
2025-07-07 14:49:41,876-camera.py-[line:116]-ERROR-[log]:摄像头/dev/video2打开失败
2025-07-07 14:49:42,878-camera.py-[line:116]-ERROR-[log]:摄像头/dev/video2打开失败
2025-07-07 14:49:43,880-camera.py-[line:116]-ERROR-[log]:摄像头/dev/video2打开失败
2025-07-07 14:49:44,882-camera.py-[line:116]-ERROR-[log]:摄像头/dev/video2打开失败
2025-07-07 14:49:45,884-camera.py-[line:116]-ERROR-[log]:摄像头/dev/video2打开失败
2025-07-07 14:49:46,886-camera.py-[line:116]-ERROR-[log]:摄像头/dev/video2打开失败
2025-07-07 14:49:47,888-camera.py-[line:116]-ERROR-[log]:摄像头/dev/video2打开失败
2025-07-07 14:49:48,890-camera.py-[line:116]-ERROR-[log]:摄像头/dev/video2打开失败
2025-07-07 14:49:49,892-camera.py-[line:116]-ERROR-[log]:摄像头/dev/video2打开失败
2025-07-07 14:49:50,894-camera.py-[line:116]-ERROR-[log]:摄像头/dev/video2打开失败
2025-07-07 14:49:51,896-camera.py-[line:116]-ERROR-[log]:摄像头/dev/video2打开失败
2025-07-07 14:49:52,898-camera.py-[line:116]-ERROR-[log]:摄像头/dev/video2打开失败
2025-07-07 14:49:53,901-camera.py-[line:116]-ERROR-[log]:摄像头/dev/video2打开失败
2025-07-07 14:49:54,903-camera.py-[line:116]-ERROR-[log]:摄像头/dev/video2打开失败
2025-07-07 14:49:55,905-camera.py-[line:116]-ERROR-[log]:摄像头/dev/video2打开失败
2025-07-07 14:49:56,906-camera.py-[line:116]-ERROR-[log]:摄像头/dev/video2打开失败
2025-07-07 14:49:57,908-camera.py-[line:116]-ERROR-[log]:摄像头/dev/video2打开失败
2025-07-07 14:49:58,910-camera.py-[line:116]-ERROR-[log]:摄像头/dev/video2打开失败
2025-07-07 14:49:59,912-camera.py-[line:116]-ERROR-[log]:摄像头/dev/video2打开失败
2025-07-07 14:50:00,914-camera.py-[line:116]-ERROR-[log]:摄像头/dev/video2打开失败
2025-07-07 14:50:01,916-camera.py-[line:116]-ERROR-[log]:摄像头/dev/video2打开失败
2025-07-07 14:50:02,918-camera.py-[line:116]-ERROR-[log]:摄像头/dev/video2打开失败
2025-07-07 14:50:03,925-camera.py-[line:116]-ERROR-[log]:摄像头/dev/video2打开失败
2025-07-07 14:50:04,933-camera.py-[line:116]-ERROR-[log]:摄像头/dev/video2打开失败
2025-07-07 14:50:05,936-camera.py-[line:116]-ERROR-[log]:摄像头/dev/video2打开失败
2025-07-07 14:50:06,938-camera.py-[line:116]-ERROR-[log]:摄像头/dev/video2打开失败
2025-07-07 14:50:07,940-camera.py-[line:116]-ERROR-[log]:摄像头/dev/video2打开失败
2025-07-07 14:50:08,942-camera.py-[line:116]-ERROR-[log]:摄像头/dev/video2打开失败
2025-07-07 14:50:09,944-camera.py-[line:116]-ERROR-[log]:摄像头/dev/video2打开失败
2025-07-07 14:50:10,946-camera.py-[line:116]-ERROR-[log]:摄像头/dev/video2打开失败
2025-07-07 14:50:11,948-camera.py-[line:116]-ERROR-[log]:摄像头/dev/video2打开失败
2025-07-07 14:50:12,950-camera.py-[line:116]-ERROR-[log]:摄像头/dev/video2打开失败
2025-07-07 14:50:13,952-camera.py-[line:116]-ERROR-[log]:摄像头/dev/video2打开失败
2025-07-07 14:50:14,954-camera.py-[line:116]-ERROR-[log]:摄像头/dev/video2打开失败
2025-07-07 14:50:15,956-camera.py-[line:116]-ERROR-[log]:摄像头/dev/video2打开失败
2025-07-07 14:50:16,958-camera.py-[line:116]-ERROR-[log]:摄像头/dev/video2打开失败
2025-07-07 14:50:17,960-camera.py-[line:116]-ERROR-[log]:摄像头/dev/video2打开失败
2025-07-07 14:50:18,962-camera.py-[line:116]-ERROR-[log]:摄像头/dev/video2打开失败
2025-07-07 14:50:19,964-camera.py-[line:116]-ERROR-[log]:摄像头/dev/video2打开失败
2025-07-07 14:50:20,968-camera.py-[line:116]-ERROR-[log]:摄像头/dev/video2打开失败
2025-07-07 14:50:21,977-camera.py-[line:116]-ERROR-[log]:摄像头/dev/video2打开失败
2025-07-07 14:50:22,979-camera.py-[line:116]-ERROR-[log]:摄像头/dev/video2打开失败
2025-07-07 14:50:23,981-camera.py-[line:116]-ERROR-[log]:摄像头/dev/video2打开失败
2025-07-07 14:50:24,982-camera.py-[line:116]-ERROR-[log]:摄像头/dev/video2打开失败
2025-07-07 14:50:25,984-camera.py-[line:116]-ERROR-[log]:摄像头/dev/video2打开失败
2025-07-07 14:50:26,986-camera.py-[line:116]-ERROR-[log]:摄像头/dev/video2打开失败
2025-07-07 14:50:27,988-camera.py-[line:116]-ERROR-[log]:摄像头/dev/video2打开失败
2025-07-07 14:50:28,990-camera.py-[line:116]-ERROR-[log]:摄像头/dev/video2打开失败
2025-07-07 14:50:30,010-camera.py-[line:116]-ERROR-[log]:摄像头/dev/video2打开失败
2025-07-07 14:50:31,098-camera.py-[line:116]-ERROR-[log]:摄像头/dev/video2打开失败
2025-07-07 14:50:32,139-camera.py-[line:116]-ERROR-[log]:摄像头/dev/video2打开失败
2025-07-07 14:50:33,185-camera.py-[line:116]-ERROR-[log]:摄像头/dev/video2打开失败
2025-07-07 14:50:34,239-camera.py-[line:116]-ERROR-[log]:摄像头/dev/video2打开失败
2025-07-07 14:50:35,300-camera.py-[line:116]-ERROR-[log]:摄像头/dev/video2打开失败
2025-07-07 14:50:36,322-camera.py-[line:116]-ERROR-[log]:摄像头/dev/video2打开失败
2025-07-07 14:50:37,355-camera.py-[line:116]-ERROR-[log]:摄像头/dev/video2打开失败
2025-07-07 14:50:38,387-camera.py-[line:116]-ERROR-[log]:摄像头/dev/video2打开失败
2025-07-07 14:50:39,418-camera.py-[line:116]-ERROR-[log]:摄像头/dev/video2打开失败
2025-07-07 14:51:07,596-remote_control.py-[line:79]-ERROR-[log]:no bluepad
2025-07-07 14:51:09,176-remote_control.py-[line:79]-ERROR-[log]:no bluepad
2025-07-07 14:51:10,752-remote_control.py-[line:79]-ERROR-[log]:no bluepad
2025-07-07 14:51:12,373-remote_control.py-[line:79]-ERROR-[log]:no bluepad
2025-07-07 14:51:13,937-remote_control.py-[line:79]-ERROR-[log]:no bluepad
2025-07-07 14:51:15,576-remote_control.py-[line:79]-ERROR-[log]:no bluepad
2025-07-07 14:52:08,350-camera.py-[line:116]-ERROR-[log]:摄像头/dev/video2打开失败
2025-07-07 14:52:09,355-camera.py-[line:116]-ERROR-[log]:摄像头/dev/video2打开失败
2025-07-07 14:52:10,357-camera.py-[line:116]-ERROR-[log]:摄像头/dev/video2打开失败
2025-07-07 14:52:11,359-camera.py-[line:116]-ERROR-[log]:摄像头/dev/video2打开失败
2025-07-07 14:55:03,182-camera.py-[line:150]-ERROR-[log]:read:读取图像错误!!!!/dev/video0
2025-07-07 14:55:03,300-camera.py-[line:116]-ERROR-[log]:摄像头/dev/video0打开失败
2025-07-07 14:55:04,302-camera.py-[line:116]-ERROR-[log]:摄像头/dev/video0打开失败
2025-07-07 14:55:05,313-camera.py-[line:116]-ERROR-[log]:摄像头/dev/video0打开失败
2025-07-07 14:55:06,316-camera.py-[line:116]-ERROR-[log]:摄像头/dev/video0打开失败
2025-07-07 14:55:07,318-camera.py-[line:116]-ERROR-[log]:摄像头/dev/video0打开失败
2025-07-07 14:55:08,321-camera.py-[line:116]-ERROR-[log]:摄像头/dev/video0打开失败
2025-07-07 14:47:57,933-camera.py-[line:150]-ERROR-[log]:read:读取图像错误!!!!/dev/video0
2025-07-07 14:47:58,070-camera.py-[line:116]-ERROR-[log]:摄像头/dev/video0打开失败
2025-07-07 14:47:59,073-camera.py-[line:116]-ERROR-[log]:摄像头/dev/video0打开失败
2025-07-07 14:48:00,076-camera.py-[line:116]-ERROR-[log]:摄像头/dev/video0打开失败
2025-07-07 14:48:01,078-camera.py-[line:116]-ERROR-[log]:摄像头/dev/video0打开失败
2025-07-07 14:48:02,064-camera.py-[line:150]-ERROR-[log]:read:读取图像错误!!!!/dev/video2
2025-07-07 14:48:02,067-camera.py-[line:116]-ERROR-[log]:摄像头/dev/video2打开失败
2025-07-07 14:48:02,081-camera.py-[line:116]-ERROR-[log]:摄像头/dev/video0打开失败
2025-07-07 14:48:03,069-camera.py-[line:116]-ERROR-[log]:摄像头/dev/video2打开失败
2025-07-07 14:48:03,083-camera.py-[line:116]-ERROR-[log]:摄像头/dev/video0打开失败
2025-07-07 14:48:04,071-camera.py-[line:116]-ERROR-[log]:摄像头/dev/video2打开失败
2025-07-07 14:48:04,085-camera.py-[line:116]-ERROR-[log]:摄像头/dev/video0打开失败
2025-07-07 14:48:05,073-camera.py-[line:116]-ERROR-[log]:摄像头/dev/video2打开失败
2025-07-07 14:48:05,087-camera.py-[line:116]-ERROR-[log]:摄像头/dev/video0打开失败
2025-07-07 14:48:06,075-camera.py-[line:116]-ERROR-[log]:摄像头/dev/video2打开失败
2025-07-07 14:48:06,089-camera.py-[line:116]-ERROR-[log]:摄像头/dev/video0打开失败
2025-07-07 14:48:07,077-camera.py-[line:116]-ERROR-[log]:摄像头/dev/video2打开失败
2025-07-07 14:48:07,092-camera.py-[line:116]-ERROR-[log]:摄像头/dev/video0打开失败
2025-07-07 14:48:08,078-camera.py-[line:116]-ERROR-[log]:摄像头/dev/video2打开失败
2025-07-07 14:48:08,094-camera.py-[line:116]-ERROR-[log]:摄像头/dev/video0打开失败
2025-07-07 14:48:09,080-camera.py-[line:116]-ERROR-[log]:摄像头/dev/video2打开失败
2025-07-07 14:48:09,097-camera.py-[line:116]-ERROR-[log]:摄像头/dev/video0打开失败
2025-07-07 14:48:10,083-camera.py-[line:116]-ERROR-[log]:摄像头/dev/video2打开失败
2025-07-07 14:48:10,099-camera.py-[line:116]-ERROR-[log]:摄像头/dev/video0打开失败
2025-07-07 14:48:11,085-camera.py-[line:116]-ERROR-[log]:摄像头/dev/video2打开失败
2025-07-07 14:48:11,101-camera.py-[line:116]-ERROR-[log]:摄像头/dev/video0打开失败
2025-07-07 14:48:12,086-camera.py-[line:116]-ERROR-[log]:摄像头/dev/video2打开失败
2025-07-07 14:48:12,104-camera.py-[line:116]-ERROR-[log]:摄像头/dev/video0打开失败
2025-07-07 14:48:13,089-camera.py-[line:116]-ERROR-[log]:摄像头/dev/video2打开失败
2025-07-07 14:48:13,106-camera.py-[line:116]-ERROR-[log]:摄像头/dev/video0打开失败
2025-07-07 14:48:14,091-camera.py-[line:116]-ERROR-[log]:摄像头/dev/video2打开失败
2025-07-07 14:48:14,109-camera.py-[line:116]-ERROR-[log]:摄像头/dev/video0打开失败
2025-07-07 14:48:15,093-camera.py-[line:116]-ERROR-[log]:摄像头/dev/video2打开失败
2025-07-07 14:48:15,111-camera.py-[line:116]-ERROR-[log]:摄像头/dev/video0打开失败
2025-07-07 14:48:16,095-camera.py-[line:116]-ERROR-[log]:摄像头/dev/video2打开失败
2025-07-07 14:48:16,113-camera.py-[line:116]-ERROR-[log]:摄像头/dev/video0打开失败
2025-07-07 14:49:05,461-camera.py-[line:116]-ERROR-[log]:摄像头/dev/video0打开失败
2025-07-07 14:49:06,463-camera.py-[line:116]-ERROR-[log]:摄像头/dev/video0打开失败
2025-07-07 14:49:07,465-camera.py-[line:116]-ERROR-[log]:摄像头/dev/video0打开失败
2025-07-07 14:49:08,467-camera.py-[line:116]-ERROR-[log]:摄像头/dev/video0打开失败
2025-07-07 14:49:09,469-camera.py-[line:116]-ERROR-[log]:摄像头/dev/video0打开失败
2025-07-07 14:49:10,471-camera.py-[line:116]-ERROR-[log]:摄像头/dev/video0打开失败
2025-07-07 14:49:11,473-camera.py-[line:116]-ERROR-[log]:摄像头/dev/video0打开失败
2025-07-07 14:49:12,475-camera.py-[line:116]-ERROR-[log]:摄像头/dev/video0打开失败
2025-07-07 14:49:13,477-camera.py-[line:116]-ERROR-[log]:摄像头/dev/video0打开失败
2025-07-07 14:49:14,501-camera.py-[line:116]-ERROR-[log]:摄像头/dev/video0打开失败
2025-07-07 14:49:15,503-camera.py-[line:116]-ERROR-[log]:摄像头/dev/video0打开失败
2025-07-07 14:49:16,505-camera.py-[line:116]-ERROR-[log]:摄像头/dev/video0打开失败
2025-07-07 14:50:41,897-camera.py-[line:150]-ERROR-[log]:read:读取图像错误!!!!/dev/video0
2025-07-07 14:50:41,996-camera.py-[line:116]-ERROR-[log]:摄像头/dev/video0打开失败
2025-07-07 14:50:42,998-camera.py-[line:116]-ERROR-[log]:摄像头/dev/video0打开失败
2025-07-07 14:50:44,000-camera.py-[line:116]-ERROR-[log]:摄像头/dev/video0打开失败
2025-07-07 14:50:45,003-camera.py-[line:116]-ERROR-[log]:摄像头/dev/video0打开失败
2025-07-07 14:50:46,005-camera.py-[line:116]-ERROR-[log]:摄像头/dev/video0打开失败
2025-07-07 14:50:47,007-camera.py-[line:116]-ERROR-[log]:摄像头/dev/video0打开失败
2025-07-07 14:50:48,009-camera.py-[line:116]-ERROR-[log]:摄像头/dev/video0打开失败
2025-07-07 14:50:49,011-camera.py-[line:116]-ERROR-[log]:摄像头/dev/video0打开失败
2025-07-07 14:50:50,013-camera.py-[line:116]-ERROR-[log]:摄像头/dev/video0打开失败
2025-07-07 14:51:10,619-camera.py-[line:116]-ERROR-[log]:摄像头/dev/video0打开失败
2025-07-07 14:51:11,623-camera.py-[line:116]-ERROR-[log]:摄像头/dev/video0打开失败
2025-07-07 14:51:12,626-camera.py-[line:116]-ERROR-[log]:摄像头/dev/video0打开失败
2025-07-07 14:51:13,628-camera.py-[line:116]-ERROR-[log]:摄像头/dev/video0打开失败
2025-07-07 14:51:14,631-camera.py-[line:116]-ERROR-[log]:摄像头/dev/video0打开失败
2025-07-07 14:51:15,633-camera.py-[line:116]-ERROR-[log]:摄像头/dev/video0打开失败
2025-07-07 14:51:16,636-camera.py-[line:116]-ERROR-[log]:摄像头/dev/video0打开失败
2025-07-07 14:51:17,639-camera.py-[line:116]-ERROR-[log]:摄像头/dev/video0打开失败
2025-07-07 14:51:41,061-camera.py-[line:116]-ERROR-[log]:摄像头/dev/video2打开失败
2025-07-07 14:51:42,063-camera.py-[line:116]-ERROR-[log]:摄像头/dev/video2打开失败
2025-07-07 14:51:43,066-camera.py-[line:116]-ERROR-[log]:摄像头/dev/video2打开失败
2025-07-07 14:51:44,068-camera.py-[line:116]-ERROR-[log]:摄像头/dev/video2打开失败
2025-07-07 14:52:01,749-camera.py-[line:116]-ERROR-[log]:摄像头/dev/video2打开失败
2025-07-07 14:52:02,752-camera.py-[line:116]-ERROR-[log]:摄像头/dev/video2打开失败
2025-07-07 14:52:03,754-camera.py-[line:116]-ERROR-[log]:摄像头/dev/video2打开失败
2025-07-07 14:52:04,757-camera.py-[line:116]-ERROR-[log]:摄像头/dev/video2打开失败
2025-07-07 14:52:25,525-camera.py-[line:116]-ERROR-[log]:摄像头/dev/video2打开失败
2025-07-07 14:52:26,529-camera.py-[line:116]-ERROR-[log]:摄像头/dev/video2打开失败
2025-07-07 14:52:27,531-camera.py-[line:116]-ERROR-[log]:摄像头/dev/video2打开失败
2025-07-07 14:52:47,500-camera.py-[line:116]-ERROR-[log]:摄像头/dev/video2打开失败
2025-07-07 14:52:48,503-camera.py-[line:116]-ERROR-[log]:摄像头/dev/video2打开失败
2025-07-07 14:52:49,505-camera.py-[line:116]-ERROR-[log]:摄像头/dev/video2打开失败
2025-07-07 14:53:10,289-camera.py-[line:116]-ERROR-[log]:摄像头/dev/video0打开失败
2025-07-07 14:53:11,293-camera.py-[line:116]-ERROR-[log]:摄像头/dev/video0打开失败
2025-07-07 14:53:12,296-camera.py-[line:116]-ERROR-[log]:摄像头/dev/video0打开失败
2025-07-07 14:47:12,228-camera.py-[line:150]-ERROR-[log]:read:读取图像错误!!!!/dev/video2
2025-07-07 14:47:12,256-camera.py-[line:116]-ERROR-[log]:摄像头/dev/video2打开失败
2025-07-07 14:47:13,884-camera.py-[line:150]-ERROR-[log]:read:读取图像错误!!!!/dev/video2
2025-07-07 14:47:13,886-camera.py-[line:116]-ERROR-[log]:摄像头/dev/video2打开失败
2025-07-07 14:47:15,168-camera.py-[line:116]-ERROR-[log]:摄像头/dev/video2打开失败
2025-07-07 14:47:16,186-camera.py-[line:116]-ERROR-[log]:摄像头/dev/video2打开失败
2025-07-07 14:47:17,429-camera.py-[line:116]-ERROR-[log]:摄像头/dev/video2打开失败
2025-07-07 15:00:39,657-camera.py-[line:116]-ERROR-[log]:摄像头/dev/video2打开失败
2025-07-07 15:00:40,660-camera.py-[line:116]-ERROR-[log]:摄像头/dev/video2打开失败
2025-07-07 15:00:41,662-camera.py-[line:116]-ERROR-[log]:摄像头/dev/video2打开失败
2025-07-07 15:00:42,664-camera.py-[line:116]-ERROR-[log]:摄像头/dev/video2打开失败
2025-07-07 15:00:43,666-camera.py-[line:116]-ERROR-[log]:摄像头/dev/video2打开失败
2025-07-07 15:00:44,669-camera.py-[line:116]-ERROR-[log]:摄像头/dev/video2打开失败
2025-07-07 15:00:45,671-camera.py-[line:116]-ERROR-[log]:摄像头/dev/video2打开失败
2025-07-07 15:00:46,673-camera.py-[line:116]-ERROR-[log]:摄像头/dev/video2打开失败
2025-07-07 15:02:39,049-remote_control.py-[line:79]-ERROR-[log]:no bluepad
2025-07-07 15:02:40,579-remote_control.py-[line:79]-ERROR-[log]:no bluepad
2025-07-07 15:02:42,149-remote_control.py-[line:79]-ERROR-[log]:no bluepad
2025-07-07 15:02:43,737-remote_control.py-[line:79]-ERROR-[log]:no bluepad
2025-07-07 15:02:45,349-remote_control.py-[line:79]-ERROR-[log]:no bluepad
2025-07-07 15:05:44,758-remote_control.py-[line:79]-ERROR-[log]:no bluepad
2025-07-07 15:05:46,378-remote_control.py-[line:79]-ERROR-[log]:no bluepad
2025-07-07 15:05:47,954-remote_control.py-[line:79]-ERROR-[log]:no bluepad
2025-07-07 15:05:49,534-remote_control.py-[line:79]-ERROR-[log]:no bluepad
2025-07-07 15:27:45,816-camera.py-[line:150]-ERROR-[log]:read:读取图像错误!!!!/dev/video2
2025-07-07 15:27:45,959-camera.py-[line:116]-ERROR-[log]:摄像头/dev/video2打开失败
2025-07-07 15:27:46,988-camera.py-[line:116]-ERROR-[log]:摄像头/dev/video2打开失败
2025-07-07 15:27:48,019-camera.py-[line:116]-ERROR-[log]:摄像头/dev/video2打开失败
2025-07-07 15:27:49,095-camera.py-[line:116]-ERROR-[log]:摄像头/dev/video2打开失败
2025-07-07 15:27:50,168-camera.py-[line:116]-ERROR-[log]:摄像头/dev/video2打开失败
2025-07-07 15:27:51,214-camera.py-[line:116]-ERROR-[log]:摄像头/dev/video2打开失败
2025-07-07 15:27:52,278-camera.py-[line:116]-ERROR-[log]:摄像头/dev/video2打开失败
2025-07-07 15:27:53,318-camera.py-[line:116]-ERROR-[log]:摄像头/dev/video2打开失败
2025-07-07 15:27:54,403-camera.py-[line:116]-ERROR-[log]:摄像头/dev/video2打开失败
2025-07-07 15:27:55,448-camera.py-[line:116]-ERROR-[log]:摄像头/dev/video2打开失败
2025-07-07 15:27:56,455-camera.py-[line:116]-ERROR-[log]:摄像头/dev/video2打开失败
2025-07-07 15:27:57,484-camera.py-[line:116]-ERROR-[log]:摄像头/dev/video2打开失败
2025-07-07 15:27:58,491-camera.py-[line:116]-ERROR-[log]:摄像头/dev/video2打开失败
2025-07-07 15:27:59,493-camera.py-[line:116]-ERROR-[log]:摄像头/dev/video2打开失败
2025-07-07 15:28:00,495-camera.py-[line:116]-ERROR-[log]:摄像头/dev/video2打开失败
2025-07-07 15:28:01,525-camera.py-[line:116]-ERROR-[log]:摄像头/dev/video2打开失败
2025-07-07 15:28:02,576-camera.py-[line:116]-ERROR-[log]:摄像头/dev/video2打开失败
2025-07-07 15:29:15,902-camera.py-[line:116]-ERROR-[log]:摄像头/dev/video2打开失败
2025-07-07 15:29:16,910-camera.py-[line:116]-ERROR-[log]:摄像头/dev/video2打开失败
2025-07-07 15:29:17,912-camera.py-[line:116]-ERROR-[log]:摄像头/dev/video2打开失败
2025-07-07 16:03:02,463-camera.py-[line:116]-ERROR-[log]:摄像头/dev/video0打开失败
2025-07-07 16:03:03,498-camera.py-[line:116]-ERROR-[log]:摄像头/dev/video0打开失败
2025-07-07 16:03:04,502-camera.py-[line:116]-ERROR-[log]:摄像头/dev/video0打开失败
2025-07-07 16:03:05,504-camera.py-[line:116]-ERROR-[log]:摄像头/dev/video0打开失败
2025-07-07 16:08:50,123-remote_control.py-[line:79]-ERROR-[log]:no bluepad
2025-07-07 16:08:51,690-remote_control.py-[line:79]-ERROR-[log]:no bluepad
2025-07-07 16:18:14,826-camera.py-[line:150]-ERROR-[log]:read:读取图像错误!!!!/dev/video0
2025-07-07 16:18:14,877-camera.py-[line:116]-ERROR-[log]:摄像头/dev/video0打开失败
2025-07-07 16:18:15,879-camera.py-[line:116]-ERROR-[log]:摄像头/dev/video0打开失败
2025-07-07 16:18:16,882-camera.py-[line:116]-ERROR-[log]:摄像头/dev/video0打开失败
2025-07-07 16:18:17,885-camera.py-[line:116]-ERROR-[log]:摄像头/dev/video0打开失败
2025-07-07 16:18:18,887-camera.py-[line:116]-ERROR-[log]:摄像头/dev/video0打开失败
2025-07-07 16:18:19,889-camera.py-[line:116]-ERROR-[log]:摄像头/dev/video0打开失败
2025-07-07 16:18:20,891-camera.py-[line:116]-ERROR-[log]:摄像头/dev/video0打开失败
2025-07-07 16:18:21,893-camera.py-[line:116]-ERROR-[log]:摄像头/dev/video0打开失败
2025-07-07 16:18:22,895-camera.py-[line:116]-ERROR-[log]:摄像头/dev/video0打开失败
2025-07-07 16:18:23,898-camera.py-[line:116]-ERROR-[log]:摄像头/dev/video0打开失败
2025-07-07 16:18:24,899-camera.py-[line:116]-ERROR-[log]:摄像头/dev/video0打开失败
2025-07-07 16:18:25,901-camera.py-[line:116]-ERROR-[log]:摄像头/dev/video0打开失败
2025-07-07 16:18:26,903-camera.py-[line:116]-ERROR-[log]:摄像头/dev/video0打开失败
2025-07-07 16:18:27,905-camera.py-[line:116]-ERROR-[log]:摄像头/dev/video0打开失败
2025-07-07 16:18:28,907-camera.py-[line:116]-ERROR-[log]:摄像头/dev/video0打开失败
2025-07-07 16:18:29,910-camera.py-[line:116]-ERROR-[log]:摄像头/dev/video0打开失败
2025-07-07 14:47:37,517-camera.py-[line:150]-ERROR-[log]:read:读取图像错误!!!!/dev/video2
2025-07-07 14:47:37,555-camera.py-[line:116]-ERROR-[log]:摄像头/dev/video2打开失败
2025-07-07 14:47:38,586-camera.py-[line:116]-ERROR-[log]:摄像头/dev/video2打开失败
2025-07-07 14:47:39,623-camera.py-[line:116]-ERROR-[log]:摄像头/dev/video2打开失败
2025-07-07 14:47:40,660-camera.py-[line:116]-ERROR-[log]:摄像头/dev/video2打开失败
2025-07-07 14:47:41,683-camera.py-[line:116]-ERROR-[log]:摄像头/dev/video2打开失败
2025-07-07 14:47:42,739-camera.py-[line:116]-ERROR-[log]:摄像头/dev/video2打开失败
2025-07-07 14:47:43,795-camera.py-[line:116]-ERROR-[log]:摄像头/dev/video2打开失败
2025-07-07 14:47:44,845-camera.py-[line:116]-ERROR-[log]:摄像头/dev/video2打开失败
2025-07-07 14:47:45,892-camera.py-[line:116]-ERROR-[log]:摄像头/dev/video2打开失败
2025-07-07 14:47:46,915-camera.py-[line:116]-ERROR-[log]:摄像头/dev/video2打开失败
2025-07-07 14:47:47,917-camera.py-[line:116]-ERROR-[log]:摄像头/dev/video2打开失败
2025-07-07 14:47:48,919-camera.py-[line:116]-ERROR-[log]:摄像头/dev/video2打开失败
2025-07-07 14:47:49,921-camera.py-[line:116]-ERROR-[log]:摄像头/dev/video2打开失败
2025-07-07 14:47:50,923-camera.py-[line:116]-ERROR-[log]:摄像头/dev/video2打开失败
2025-07-07 14:47:51,925-camera.py-[line:116]-ERROR-[log]:摄像头/dev/video2打开失败
2025-07-07 14:47:52,927-camera.py-[line:116]-ERROR-[log]:摄像头/dev/video2打开失败
2025-07-07 14:47:53,929-camera.py-[line:116]-ERROR-[log]:摄像头/dev/video2打开失败
2025-07-07 14:47:54,931-camera.py-[line:116]-ERROR-[log]:摄像头/dev/video2打开失败
2025-07-07 14:47:55,933-camera.py-[line:116]-ERROR-[log]:摄像头/dev/video2打开失败
2025-07-07 14:47:56,935-camera.py-[line:116]-ERROR-[log]:摄像头/dev/video2打开失败
2025-07-07 14:47:57,937-camera.py-[line:116]-ERROR-[log]:摄像头/dev/video2打开失败
2025-07-07 14:47:58,939-camera.py-[line:116]-ERROR-[log]:摄像头/dev/video2打开失败
2025-07-07 14:47:59,941-camera.py-[line:116]-ERROR-[log]:摄像头/dev/video2打开失败
2025-07-07 14:48:00,943-camera.py-[line:116]-ERROR-[log]:摄像头/dev/video2打开失败
2025-07-07 14:48:01,945-camera.py-[line:116]-ERROR-[log]:摄像头/dev/video2打开失败
2025-07-07 14:48:02,947-camera.py-[line:116]-ERROR-[log]:摄像头/dev/video2打开失败
2025-07-07 14:48:03,949-camera.py-[line:116]-ERROR-[log]:摄像头/dev/video2打开失败
2025-07-07 14:48:04,951-camera.py-[line:116]-ERROR-[log]:摄像头/dev/video2打开失败
2025-07-07 14:48:05,953-camera.py-[line:116]-ERROR-[log]:摄像头/dev/video2打开失败
2025-07-07 14:48:06,955-camera.py-[line:116]-ERROR-[log]:摄像头/dev/video2打开失败
2025-07-07 14:48:07,957-camera.py-[line:116]-ERROR-[log]:摄像头/dev/video2打开失败
2025-07-07 14:48:08,958-camera.py-[line:116]-ERROR-[log]:摄像头/dev/video2打开失败
2025-07-07 14:48:09,967-camera.py-[line:116]-ERROR-[log]:摄像头/dev/video2打开失败
2025-07-07 14:48:10,994-camera.py-[line:116]-ERROR-[log]:摄像头/dev/video2打开失败
2025-07-07 14:48:12,024-camera.py-[line:116]-ERROR-[log]:摄像头/dev/video2打开失败
2025-07-07 14:48:13,057-camera.py-[line:116]-ERROR-[log]:摄像头/dev/video2打开失败
2025-07-07 14:48:14,107-camera.py-[line:116]-ERROR-[log]:摄像头/dev/video2打开失败
2025-07-07 14:48:15,181-camera.py-[line:116]-ERROR-[log]:摄像头/dev/video2打开失败
2025-07-07 14:48:16,246-camera.py-[line:116]-ERROR-[log]:摄像头/dev/video2打开失败
2025-07-07 14:48:17,274-camera.py-[line:116]-ERROR-[log]:摄像头/dev/video2打开失败
2025-07-07 14:48:18,304-camera.py-[line:116]-ERROR-[log]:摄像头/dev/video2打开失败
2025-07-07 14:48:19,337-camera.py-[line:116]-ERROR-[log]:摄像头/dev/video2打开失败
2025-07-07 14:48:20,369-camera.py-[line:116]-ERROR-[log]:摄像头/dev/video2打开失败
2025-07-07 14:48:21,428-camera.py-[line:116]-ERROR-[log]:摄像头/dev/video2打开失败
2025-07-07 14:48:22,497-camera.py-[line:116]-ERROR-[log]:摄像头/dev/video2打开失败
2025-07-07 14:48:23,526-camera.py-[line:116]-ERROR-[log]:摄像头/dev/video2打开失败
2025-07-07 14:50:25,295-camera.py-[line:116]-ERROR-[log]:摄像头/dev/video2打开失败
2025-07-07 14:50:26,297-camera.py-[line:116]-ERROR-[log]:摄像头/dev/video2打开失败
2025-07-07 14:50:27,300-camera.py-[line:116]-ERROR-[log]:摄像头/dev/video2打开失败
2025-07-07 14:51:13,757-camera.py-[line:116]-ERROR-[log]:摄像头/dev/video2打开失败
2025-07-07 14:51:14,760-camera.py-[line:116]-ERROR-[log]:摄像头/dev/video2打开失败
2025-07-07 14:51:15,762-camera.py-[line:116]-ERROR-[log]:摄像头/dev/video2打开失败
2025-07-07 14:59:55,847-camera.py-[line:116]-ERROR-[log]:摄像头/dev/video2打开失败
2025-07-07 14:59:56,850-camera.py-[line:116]-ERROR-[log]:摄像头/dev/video2打开失败
2025-07-07 14:59:57,852-camera.py-[line:116]-ERROR-[log]:摄像头/dev/video2打开失败
2025-07-07 14:59:58,854-camera.py-[line:116]-ERROR-[log]:摄像头/dev/video2打开失败
2025-07-07 14:59:59,856-camera.py-[line:116]-ERROR-[log]:摄像头/dev/video2打开失败
2025-07-07 15:00:00,859-camera.py-[line:116]-ERROR-[log]:摄像头/dev/video2打开失败
2025-07-07 14:46:59,575-camera.py-[line:150]-ERROR-[log]:read:读取图像错误!!!!/dev/video2
2025-07-07 14:46:59,608-camera.py-[line:116]-ERROR-[log]:摄像头/dev/video2打开失败
2025-07-07 14:47:00,610-camera.py-[line:116]-ERROR-[log]:摄像头/dev/video2打开失败
2025-07-07 14:47:01,612-camera.py-[line:116]-ERROR-[log]:摄像头/dev/video2打开失败
2025-07-07 14:47:02,614-camera.py-[line:116]-ERROR-[log]:摄像头/dev/video2打开失败
2025-07-07 14:47:03,616-camera.py-[line:116]-ERROR-[log]:摄像头/dev/video2打开失败
2025-07-07 14:47:04,618-camera.py-[line:116]-ERROR-[log]:摄像头/dev/video2打开失败
2025-07-07 14:47:05,620-camera.py-[line:116]-ERROR-[log]:摄像头/dev/video2打开失败
2025-07-07 14:47:06,622-camera.py-[line:116]-ERROR-[log]:摄像头/dev/video2打开失败
2025-07-07 14:47:07,624-camera.py-[line:116]-ERROR-[log]:摄像头/dev/video2打开失败
2025-07-07 14:47:08,626-camera.py-[line:116]-ERROR-[log]:摄像头/dev/video2打开失败
2025-07-07 14:47:09,628-camera.py-[line:116]-ERROR-[log]:摄像头/dev/video2打开失败
2025-07-07 14:47:10,630-camera.py-[line:116]-ERROR-[log]:摄像头/dev/video2打开失败
2025-07-07 14:47:11,632-camera.py-[line:116]-ERROR-[log]:摄像头/dev/video2打开失败
2025-07-07 14:47:12,635-camera.py-[line:116]-ERROR-[log]:摄像头/dev/video2打开失败
2025-07-07 14:47:13,637-camera.py-[line:116]-ERROR-[log]:摄像头/dev/video2打开失败
2025-07-07 14:47:14,640-camera.py-[line:116]-ERROR-[log]:摄像头/dev/video2打开失败
2025-07-07 14:47:15,642-camera.py-[line:116]-ERROR-[log]:摄像头/dev/video2打开失败
2025-07-07 14:47:16,644-camera.py-[line:116]-ERROR-[log]:摄像头/dev/video2打开失败
2025-07-07 14:47:17,646-camera.py-[line:116]-ERROR-[log]:摄像头/dev/video2打开失败
2025-07-07 14:47:18,648-camera.py-[line:116]-ERROR-[log]:摄像头/dev/video2打开失败
2025-07-07 14:47:19,650-camera.py-[line:116]-ERROR-[log]:摄像头/dev/video2打开失败
2025-07-07 14:47:20,653-camera.py-[line:116]-ERROR-[log]:摄像头/dev/video2打开失败
2025-07-07 14:47:21,655-camera.py-[line:116]-ERROR-[log]:摄像头/dev/video2打开失败
