2025-06-13 23:10:24,936-controller2.py-[line:313]-INFO-[log]:ping:/dev/ttyUSB0 ok, res:b'wh\x04\n'
2025-06-13 23:10:25,162-controller2.py-[line:313]-INFO-[log]:ping:/dev/ttyUSB0 ok, res:b'wh\x04\n'
2025-06-13 23:10:26,015-vehicle_base2.py-[line:523]-INFO-[log]:mecanum init
2025-06-13 23:10:26,227-car_wrap.py-[line:147]-INFO-[log]:my car init ok 0.2111361026763916
2025-06-13 23:10:30,976-infer_front.py-[line:111]-INFO-[log]:lane连接服务器...
2025-06-13 23:10:31,075-infer_front.py-[line:150]-INFO-[log]:开启infer_back_end.py脚本, 后台运行中, 请等待
2025-06-13 23:11:38,919-controller2.py-[line:313]-INFO-[log]:ping:/dev/ttyUSB0 ok, res:b'wh\x04\n'
2025-06-13 23:11:39,140-controller2.py-[line:313]-INFO-[log]:ping:/dev/ttyUSB0 ok, res:b'wh\x04\n'
2025-06-13 23:11:39,988-vehicle_base2.py-[line:523]-INFO-[log]:mecanum init
2025-06-13 23:11:40,202-car_wrap.py-[line:147]-INFO-[log]:my car init ok 0.21367406845092773
2025-06-13 23:11:44,299-infer_front.py-[line:111]-INFO-[log]:lane连接服务器...
2025-06-13 23:11:44,429-infer_front.py-[line:133]-INFO-[log]:lane连接服务器成功
2025-06-13 23:11:44,430-infer_front.py-[line:111]-INFO-[log]:front连接服务器...
2025-06-13 23:11:44,504-infer_front.py-[line:133]-INFO-[log]:front连接服务器成功
2025-06-13 23:11:44,504-infer_front.py-[line:111]-INFO-[log]:task连接服务器...
2025-06-13 23:11:44,574-infer_front.py-[line:133]-INFO-[log]:task连接服务器成功
2025-06-13 23:11:44,574-infer_front.py-[line:111]-INFO-[log]:mot连接服务器...
2025-06-13 23:11:44,638-infer_front.py-[line:133]-INFO-[log]:mot连接服务器成功
2025-06-13 23:11:44,638-infer_front.py-[line:111]-INFO-[log]:humattr连接服务器...
2025-06-13 23:11:44,702-infer_front.py-[line:133]-INFO-[log]:humattr连接服务器成功
2025-06-13 23:11:44,702-infer_front.py-[line:111]-INFO-[log]:ocr连接服务器...
2025-06-13 23:11:44,769-infer_front.py-[line:133]-INFO-[log]:ocr连接服务器成功
2025-06-13 23:11:44,770-infer_front.py-[line:111]-INFO-[log]:redstop连接服务器...
2025-06-13 23:11:44,839-infer_front.py-[line:133]-INFO-[log]:redstop连接服务器成功
2025-06-13 23:11:47,190-car_wrap.py-[line:955]-INFO-[log]:6
2025-06-13 23:11:47,191-car_wrap.py-[line:958]-INFO-[log]:['grap_block_func', 'release_block_func', 'get_ball_func', 'elevation_pole_func', 'get_high_ball_func', 'pull_ball_func', 'hanoi_tower_func', 'camp_fun_old', 'find_criminal', 'go_start', 'all_task', 'lane_test', 'reset', 'debug']
2025-06-13 23:21:53,137-controller2.py-[line:313]-INFO-[log]:ping:/dev/ttyUSB0 ok, res:b'wh\x04\n'
2025-06-13 23:21:53,360-controller2.py-[line:313]-INFO-[log]:ping:/dev/ttyUSB0 ok, res:b'wh\x04\n'
2025-06-13 23:21:54,238-vehicle_base2.py-[line:523]-INFO-[log]:mecanum init
2025-06-13 23:21:54,451-car_wrap.py-[line:147]-INFO-[log]:my car init ok 0.2131199836730957
2025-06-13 23:21:56,666-camera.py-[line:147]-ERROR-[log]:read:读取图像错误!!!!0
2025-06-13 23:21:56,667-camera.py-[line:148]-ERROR-[log]:切换摄像头/dev/video0
2025-06-13 23:21:56,696-camera.py-[line:147]-ERROR-[log]:read:读取图像错误!!!!0
2025-06-13 23:21:56,696-camera.py-[line:148]-ERROR-[log]:切换摄像头/dev/video1
2025-06-13 23:21:56,722-camera.py-[line:147]-ERROR-[log]:read:读取图像错误!!!!0
2025-06-13 23:21:56,722-camera.py-[line:148]-ERROR-[log]:切换摄像头/dev/video0
2025-06-13 23:21:56,746-camera.py-[line:147]-ERROR-[log]:read:读取图像错误!!!!0
2025-06-13 23:21:56,746-camera.py-[line:148]-ERROR-[log]:切换摄像头/dev/video1
2025-06-13 23:21:56,771-camera.py-[line:147]-ERROR-[log]:read:读取图像错误!!!!0
2025-06-13 23:21:56,772-camera.py-[line:148]-ERROR-[log]:切换摄像头/dev/video0
2025-06-13 23:21:56,796-camera.py-[line:147]-ERROR-[log]:read:读取图像错误!!!!0
2025-06-13 23:21:56,796-camera.py-[line:148]-ERROR-[log]:切换摄像头/dev/video1
2025-06-13 23:21:56,821-camera.py-[line:147]-ERROR-[log]:read:读取图像错误!!!!0
2025-06-13 23:21:56,822-camera.py-[line:148]-ERROR-[log]:切换摄像头/dev/video0
2025-06-13 23:21:56,847-camera.py-[line:147]-ERROR-[log]:read:读取图像错误!!!!0
2025-06-13 23:21:56,848-camera.py-[line:148]-ERROR-[log]:切换摄像头/dev/video1
2025-06-13 23:21:56,874-camera.py-[line:147]-ERROR-[log]:read:读取图像错误!!!!0
2025-06-13 23:21:56,875-camera.py-[line:148]-ERROR-[log]:切换摄像头/dev/video0
2025-06-13 23:21:56,903-camera.py-[line:147]-ERROR-[log]:read:读取图像错误!!!!0
2025-06-13 23:21:56,903-camera.py-[line:148]-ERROR-[log]:切换摄像头/dev/video1
2025-06-13 23:21:56,932-camera.py-[line:147]-ERROR-[log]:read:读取图像错误!!!!0
2025-06-13 23:21:56,933-camera.py-[line:148]-ERROR-[log]:切换摄像头/dev/video0
2025-06-13 23:21:56,959-camera.py-[line:147]-ERROR-[log]:read:读取图像错误!!!!0
2025-06-13 23:21:56,960-camera.py-[line:148]-ERROR-[log]:切换摄像头/dev/video1
2025-06-13 23:21:56,985-camera.py-[line:147]-ERROR-[log]:read:读取图像错误!!!!0
2025-06-13 23:21:56,986-camera.py-[line:148]-ERROR-[log]:切换摄像头/dev/video0
2025-06-13 23:21:57,010-camera.py-[line:147]-ERROR-[log]:read:读取图像错误!!!!0
2025-06-13 23:21:57,011-camera.py-[line:148]-ERROR-[log]:切换摄像头/dev/video1
2025-06-13 23:21:57,036-camera.py-[line:147]-ERROR-[log]:read:读取图像错误!!!!0
2025-06-13 23:21:57,036-camera.py-[line:148]-ERROR-[log]:切换摄像头/dev/video0
2025-06-13 23:21:57,064-camera.py-[line:147]-ERROR-[log]:read:读取图像错误!!!!0
2025-06-13 23:21:57,065-camera.py-[line:148]-ERROR-[log]:切换摄像头/dev/video1
2025-06-13 23:21:57,092-camera.py-[line:147]-ERROR-[log]:read:读取图像错误!!!!0
2025-06-13 23:21:57,093-camera.py-[line:148]-ERROR-[log]:切换摄像头/dev/video0
2025-06-13 23:21:57,118-camera.py-[line:147]-ERROR-[log]:read:读取图像错误!!!!0
2025-06-13 23:21:57,118-camera.py-[line:148]-ERROR-[log]:切换摄像头/dev/video1
2025-06-13 23:21:57,143-camera.py-[line:147]-ERROR-[log]:read:读取图像错误!!!!0
2025-06-13 23:21:57,145-camera.py-[line:148]-ERROR-[log]:切换摄像头/dev/video0
2025-06-13 23:21:57,171-camera.py-[line:147]-ERROR-[log]:read:读取图像错误!!!!0
2025-06-13 23:21:57,172-camera.py-[line:148]-ERROR-[log]:切换摄像头/dev/video1
2025-06-13 23:21:57,194-camera.py-[line:147]-ERROR-[log]:read:读取图像错误!!!!2
2025-06-13 23:21:57,195-camera.py-[line:148]-ERROR-[log]:切换摄像头/dev/video2
2025-06-13 23:21:57,197-camera.py-[line:147]-ERROR-[log]:read:读取图像错误!!!!0
2025-06-13 23:21:57,198-camera.py-[line:148]-ERROR-[log]:切换摄像头/dev/video0
2025-06-13 23:21:57,225-camera.py-[line:147]-ERROR-[log]:read:读取图像错误!!!!0
2025-06-13 23:21:57,226-camera.py-[line:148]-ERROR-[log]:切换摄像头/dev/video1
2025-06-13 23:21:57,251-camera.py-[line:147]-ERROR-[log]:read:读取图像错误!!!!0
2025-06-13 23:21:57,252-camera.py-[line:148]-ERROR-[log]:切换摄像头/dev/video0
2025-06-13 23:21:57,278-camera.py-[line:147]-ERROR-[log]:read:读取图像错误!!!!0
2025-06-13 23:21:57,278-camera.py-[line:148]-ERROR-[log]:切换摄像头/dev/video1
2025-06-13 23:21:57,304-camera.py-[line:147]-ERROR-[log]:read:读取图像错误!!!!0
2025-06-13 23:21:57,304-camera.py-[line:148]-ERROR-[log]:切换摄像头/dev/video0
2025-06-13 23:21:57,330-camera.py-[line:147]-ERROR-[log]:read:读取图像错误!!!!0
2025-06-13 23:21:57,331-camera.py-[line:148]-ERROR-[log]:切换摄像头/dev/video1
2025-06-13 23:21:57,357-camera.py-[line:147]-ERROR-[log]:read:读取图像错误!!!!0
2025-06-13 23:21:57,358-camera.py-[line:148]-ERROR-[log]:切换摄像头/dev/video0
2025-06-13 23:21:57,381-camera.py-[line:147]-ERROR-[log]:read:读取图像错误!!!!0
2025-06-13 23:21:57,382-camera.py-[line:148]-ERROR-[log]:切换摄像头/dev/video1
2025-06-13 23:21:57,403-camera.py-[line:147]-ERROR-[log]:read:读取图像错误!!!!0
2025-06-13 23:21:57,404-camera.py-[line:148]-ERROR-[log]:切换摄像头/dev/video0
2025-06-13 23:21:57,430-camera.py-[line:147]-ERROR-[log]:read:读取图像错误!!!!0
2025-06-13 23:21:57,430-camera.py-[line:148]-ERROR-[log]:切换摄像头/dev/video1
2025-06-13 23:21:57,457-camera.py-[line:147]-ERROR-[log]:read:读取图像错误!!!!0
2025-06-13 23:21:57,458-camera.py-[line:148]-ERROR-[log]:切换摄像头/dev/video0
2025-06-13 23:21:57,485-camera.py-[line:147]-ERROR-[log]:read:读取图像错误!!!!0
2025-06-13 23:21:57,486-camera.py-[line:148]-ERROR-[log]:切换摄像头/dev/video1
2025-06-13 23:21:57,513-camera.py-[line:147]-ERROR-[log]:read:读取图像错误!!!!0
2025-06-13 23:21:57,514-camera.py-[line:148]-ERROR-[log]:切换摄像头/dev/video0
2025-06-13 23:21:57,541-camera.py-[line:147]-ERROR-[log]:read:读取图像错误!!!!0
2025-06-13 23:21:57,541-camera.py-[line:148]-ERROR-[log]:切换摄像头/dev/video1
2025-06-13 23:21:57,568-camera.py-[line:147]-ERROR-[log]:read:读取图像错误!!!!0
2025-06-13 23:21:57,569-camera.py-[line:148]-ERROR-[log]:切换摄像头/dev/video0
2025-06-13 23:21:57,594-camera.py-[line:147]-ERROR-[log]:read:读取图像错误!!!!0
2025-06-13 23:21:57,595-camera.py-[line:148]-ERROR-[log]:切换摄像头/dev/video1
2025-06-13 23:21:57,621-camera.py-[line:147]-ERROR-[log]:read:读取图像错误!!!!0
2025-06-13 23:21:57,622-camera.py-[line:148]-ERROR-[log]:切换摄像头/dev/video0
2025-06-13 23:21:57,645-camera.py-[line:147]-ERROR-[log]:read:读取图像错误!!!!0
2025-06-13 23:21:57,645-camera.py-[line:148]-ERROR-[log]:切换摄像头/dev/video1
2025-06-13 23:21:57,673-camera.py-[line:147]-ERROR-[log]:read:读取图像错误!!!!0
2025-06-13 23:21:57,674-camera.py-[line:148]-ERROR-[log]:切换摄像头/dev/video0
2025-06-13 23:21:57,695-infer_front.py-[line:111]-INFO-[log]:lane连接服务器...
2025-06-13 23:21:57,706-camera.py-[line:147]-ERROR-[log]:read:读取图像错误!!!!0
2025-06-13 23:21:57,706-camera.py-[line:148]-ERROR-[log]:切换摄像头/dev/video1
2025-06-13 23:21:57,799-camera.py-[line:147]-ERROR-[log]:read:读取图像错误!!!!0
2025-06-13 23:21:57,799-camera.py-[line:148]-ERROR-[log]:切换摄像头/dev/video0
2025-06-13 23:21:57,826-camera.py-[line:147]-ERROR-[log]:read:读取图像错误!!!!0
2025-06-13 23:21:57,827-camera.py-[line:148]-ERROR-[log]:切换摄像头/dev/video1
2025-06-13 23:21:57,841-infer_front.py-[line:133]-INFO-[log]:lane连接服务器成功
2025-06-13 23:21:57,842-infer_front.py-[line:111]-INFO-[log]:front连接服务器...
2025-06-13 23:21:57,855-camera.py-[line:147]-ERROR-[log]:read:读取图像错误!!!!0
2025-06-13 23:21:57,856-camera.py-[line:148]-ERROR-[log]:切换摄像头/dev/video0
2025-06-13 23:21:57,881-camera.py-[line:147]-ERROR-[log]:read:读取图像错误!!!!0
2025-06-13 23:21:57,882-camera.py-[line:148]-ERROR-[log]:切换摄像头/dev/video1
2025-06-13 23:21:57,907-camera.py-[line:147]-ERROR-[log]:read:读取图像错误!!!!0
2025-06-13 23:21:57,908-camera.py-[line:148]-ERROR-[log]:切换摄像头/dev/video0
2025-06-13 23:21:57,935-camera.py-[line:147]-ERROR-[log]:read:读取图像错误!!!!0
2025-06-13 23:21:57,936-camera.py-[line:148]-ERROR-[log]:切换摄像头/dev/video1
2025-06-13 23:21:57,957-infer_front.py-[line:133]-INFO-[log]:front连接服务器成功
2025-06-13 23:21:57,958-infer_front.py-[line:111]-INFO-[log]:task连接服务器...
2025-06-13 23:21:57,961-camera.py-[line:147]-ERROR-[log]:read:读取图像错误!!!!0
2025-06-13 23:21:57,961-camera.py-[line:148]-ERROR-[log]:切换摄像头/dev/video0
2025-06-13 23:21:57,990-camera.py-[line:147]-ERROR-[log]:read:读取图像错误!!!!0
2025-06-13 23:21:57,991-camera.py-[line:148]-ERROR-[log]:切换摄像头/dev/video1
2025-06-13 23:21:58,017-camera.py-[line:147]-ERROR-[log]:read:读取图像错误!!!!0
2025-06-13 23:21:58,018-camera.py-[line:148]-ERROR-[log]:切换摄像头/dev/video0
2025-06-13 23:21:58,046-camera.py-[line:147]-ERROR-[log]:read:读取图像错误!!!!0
2025-06-13 23:21:58,046-camera.py-[line:148]-ERROR-[log]:切换摄像头/dev/video1
2025-06-13 23:21:58,076-infer_front.py-[line:133]-INFO-[log]:task连接服务器成功
2025-06-13 23:21:58,077-infer_front.py-[line:111]-INFO-[log]:mot连接服务器...
2025-06-13 23:21:58,079-camera.py-[line:147]-ERROR-[log]:read:读取图像错误!!!!0
2025-06-13 23:21:58,079-camera.py-[line:148]-ERROR-[log]:切换摄像头/dev/video0
2025-06-13 23:21:58,105-camera.py-[line:147]-ERROR-[log]:read:读取图像错误!!!!0
2025-06-13 23:21:58,106-camera.py-[line:148]-ERROR-[log]:切换摄像头/dev/video1
2025-06-13 23:21:58,136-camera.py-[line:147]-ERROR-[log]:read:读取图像错误!!!!0
2025-06-13 23:21:58,137-camera.py-[line:148]-ERROR-[log]:切换摄像头/dev/video0
2025-06-13 23:21:58,163-camera.py-[line:147]-ERROR-[log]:read:读取图像错误!!!!0
2025-06-13 23:21:58,163-camera.py-[line:148]-ERROR-[log]:切换摄像头/dev/video1
2025-06-13 23:21:58,190-camera.py-[line:147]-ERROR-[log]:read:读取图像错误!!!!0
2025-06-13 23:21:58,191-camera.py-[line:148]-ERROR-[log]:切换摄像头/dev/video0
2025-06-13 23:21:58,194-infer_front.py-[line:133]-INFO-[log]:mot连接服务器成功
2025-06-13 23:21:58,195-infer_front.py-[line:111]-INFO-[log]:humattr连接服务器...
2025-06-13 23:21:58,226-camera.py-[line:147]-ERROR-[log]:read:读取图像错误!!!!0
2025-06-13 23:21:58,227-camera.py-[line:148]-ERROR-[log]:切换摄像头/dev/video1
2025-06-13 23:21:58,246-camera.py-[line:147]-ERROR-[log]:read:读取图像错误!!!!2
2025-06-13 23:21:58,246-camera.py-[line:148]-ERROR-[log]:切换摄像头/dev/video3
2025-06-13 23:21:58,261-camera.py-[line:147]-ERROR-[log]:read:读取图像错误!!!!0
2025-06-13 23:21:58,263-camera.py-[line:148]-ERROR-[log]:切换摄像头/dev/video0
2025-06-13 23:21:58,290-camera.py-[line:147]-ERROR-[log]:read:读取图像错误!!!!0
2025-06-13 23:21:58,290-camera.py-[line:148]-ERROR-[log]:切换摄像头/dev/video1
2025-06-13 23:21:58,317-camera.py-[line:147]-ERROR-[log]:read:读取图像错误!!!!0
2025-06-13 23:21:58,318-camera.py-[line:148]-ERROR-[log]:切换摄像头/dev/video0
2025-06-13 23:21:58,330-infer_front.py-[line:133]-INFO-[log]:humattr连接服务器成功
2025-06-13 23:21:58,330-infer_front.py-[line:111]-INFO-[log]:ocr连接服务器...
2025-06-13 23:21:58,346-camera.py-[line:147]-ERROR-[log]:read:读取图像错误!!!!0
2025-06-13 23:21:58,347-camera.py-[line:148]-ERROR-[log]:切换摄像头/dev/video1
2025-06-13 23:21:58,379-camera.py-[line:147]-ERROR-[log]:read:读取图像错误!!!!0
2025-06-13 23:21:58,380-camera.py-[line:148]-ERROR-[log]:切换摄像头/dev/video0
2025-06-13 23:21:58,409-camera.py-[line:147]-ERROR-[log]:read:读取图像错误!!!!0
2025-06-13 23:21:58,410-camera.py-[line:148]-ERROR-[log]:切换摄像头/dev/video1
2025-06-13 23:21:58,440-camera.py-[line:147]-ERROR-[log]:read:读取图像错误!!!!0
2025-06-13 23:21:58,441-camera.py-[line:148]-ERROR-[log]:切换摄像头/dev/video0
2025-06-13 23:21:58,458-infer_front.py-[line:133]-INFO-[log]:ocr连接服务器成功
2025-06-13 23:21:58,458-infer_front.py-[line:111]-INFO-[log]:redstop连接服务器...
2025-06-13 23:21:58,474-camera.py-[line:147]-ERROR-[log]:read:读取图像错误!!!!0
2025-06-13 23:21:58,475-camera.py-[line:148]-ERROR-[log]:切换摄像头/dev/video1
2025-06-13 23:21:58,503-camera.py-[line:147]-ERROR-[log]:read:读取图像错误!!!!0
2025-06-13 23:21:58,504-camera.py-[line:148]-ERROR-[log]:切换摄像头/dev/video0
2025-06-13 23:21:58,534-camera.py-[line:147]-ERROR-[log]:read:读取图像错误!!!!0
2025-06-13 23:21:58,535-camera.py-[line:148]-ERROR-[log]:切换摄像头/dev/video1
2025-06-13 23:21:58,563-camera.py-[line:147]-ERROR-[log]:read:读取图像错误!!!!0
2025-06-13 23:21:58,564-camera.py-[line:148]-ERROR-[log]:切换摄像头/dev/video0
2025-06-13 23:21:58,583-infer_front.py-[line:133]-INFO-[log]:redstop连接服务器成功
2025-06-13 23:21:58,597-camera.py-[line:147]-ERROR-[log]:read:读取图像错误!!!!0
2025-06-13 23:21:58,598-camera.py-[line:148]-ERROR-[log]:切换摄像头/dev/video1
2025-06-13 23:21:58,690-camera.py-[line:147]-ERROR-[log]:read:读取图像错误!!!!0
2025-06-13 23:21:58,691-camera.py-[line:148]-ERROR-[log]:切换摄像头/dev/video0
2025-06-13 23:28:20,106-controller2.py-[line:313]-INFO-[log]:ping:/dev/ttyUSB0 ok, res:b'wh\x04\n'
2025-06-13 23:28:20,327-controller2.py-[line:313]-INFO-[log]:ping:/dev/ttyUSB0 ok, res:b'wh\x04\n'
2025-06-13 23:28:21,316-vehicle_base2.py-[line:523]-INFO-[log]:mecanum init
2025-06-13 23:28:21,530-car_wrap.py-[line:147]-INFO-[log]:my car init ok 0.21349453926086426
2025-06-13 23:28:23,734-camera.py-[line:147]-ERROR-[log]:read:读取图像错误!!!!0
2025-06-13 23:28:23,735-camera.py-[line:148]-ERROR-[log]:切换摄像头/dev/video0
2025-06-13 23:28:23,767-camera.py-[line:147]-ERROR-[log]:read:读取图像错误!!!!0
2025-06-13 23:28:23,768-camera.py-[line:148]-ERROR-[log]:切换摄像头/dev/video1
2025-06-13 23:28:23,795-camera.py-[line:147]-ERROR-[log]:read:读取图像错误!!!!0
2025-06-13 23:28:23,795-camera.py-[line:148]-ERROR-[log]:切换摄像头/dev/video0
2025-06-13 23:28:23,824-camera.py-[line:147]-ERROR-[log]:read:读取图像错误!!!!0
2025-06-13 23:28:23,825-camera.py-[line:148]-ERROR-[log]:切换摄像头/dev/video1
2025-06-13 23:28:23,850-camera.py-[line:147]-ERROR-[log]:read:读取图像错误!!!!0
2025-06-13 23:28:23,850-camera.py-[line:148]-ERROR-[log]:切换摄像头/dev/video0
2025-06-13 23:28:23,879-camera.py-[line:147]-ERROR-[log]:read:读取图像错误!!!!0
2025-06-13 23:28:23,879-camera.py-[line:148]-ERROR-[log]:切换摄像头/dev/video1
2025-06-13 23:28:23,904-camera.py-[line:147]-ERROR-[log]:read:读取图像错误!!!!0
2025-06-13 23:28:23,905-camera.py-[line:148]-ERROR-[log]:切换摄像头/dev/video0
2025-06-13 23:28:23,927-camera.py-[line:147]-ERROR-[log]:read:读取图像错误!!!!0
2025-06-13 23:28:23,928-camera.py-[line:148]-ERROR-[log]:切换摄像头/dev/video1
2025-06-13 23:28:23,952-camera.py-[line:147]-ERROR-[log]:read:读取图像错误!!!!0
2025-06-13 23:28:23,953-camera.py-[line:148]-ERROR-[log]:切换摄像头/dev/video0
2025-06-13 23:28:23,979-camera.py-[line:147]-ERROR-[log]:read:读取图像错误!!!!0
2025-06-13 23:28:23,980-camera.py-[line:148]-ERROR-[log]:切换摄像头/dev/video1
2025-06-13 23:28:24,006-camera.py-[line:147]-ERROR-[log]:read:读取图像错误!!!!0
2025-06-13 23:28:24,007-camera.py-[line:148]-ERROR-[log]:切换摄像头/dev/video0
2025-06-13 23:28:24,033-camera.py-[line:147]-ERROR-[log]:read:读取图像错误!!!!0
2025-06-13 23:28:24,033-camera.py-[line:148]-ERROR-[log]:切换摄像头/dev/video1
2025-06-13 23:28:24,059-camera.py-[line:147]-ERROR-[log]:read:读取图像错误!!!!0
2025-06-13 23:28:24,060-camera.py-[line:148]-ERROR-[log]:切换摄像头/dev/video0
2025-06-13 23:28:24,088-camera.py-[line:147]-ERROR-[log]:read:读取图像错误!!!!0
2025-06-13 23:28:24,088-camera.py-[line:148]-ERROR-[log]:切换摄像头/dev/video1
2025-06-13 23:28:24,112-camera.py-[line:147]-ERROR-[log]:read:读取图像错误!!!!0
2025-06-13 23:28:24,113-camera.py-[line:148]-ERROR-[log]:切换摄像头/dev/video0
2025-06-13 23:28:24,142-camera.py-[line:147]-ERROR-[log]:read:读取图像错误!!!!0
2025-06-13 23:28:24,142-camera.py-[line:148]-ERROR-[log]:切换摄像头/dev/video1
2025-06-13 23:28:24,167-camera.py-[line:147]-ERROR-[log]:read:读取图像错误!!!!0
2025-06-13 23:28:24,168-camera.py-[line:148]-ERROR-[log]:切换摄像头/dev/video0
2025-06-13 23:28:24,197-camera.py-[line:147]-ERROR-[log]:read:读取图像错误!!!!0
2025-06-13 23:28:24,198-camera.py-[line:148]-ERROR-[log]:切换摄像头/dev/video1
2025-06-13 23:28:24,223-camera.py-[line:147]-ERROR-[log]:read:读取图像错误!!!!0
2025-06-13 23:28:24,224-camera.py-[line:148]-ERROR-[log]:切换摄像头/dev/video0
2025-06-13 23:28:24,256-camera.py-[line:147]-ERROR-[log]:read:读取图像错误!!!!0
2025-06-13 23:28:24,257-camera.py-[line:148]-ERROR-[log]:切换摄像头/dev/video1
2025-06-13 23:28:24,268-camera.py-[line:147]-ERROR-[log]:read:读取图像错误!!!!2
2025-06-13 23:28:24,269-camera.py-[line:148]-ERROR-[log]:切换摄像头/dev/video2
2025-06-13 23:28:24,291-camera.py-[line:147]-ERROR-[log]:read:读取图像错误!!!!0
2025-06-13 23:28:24,292-camera.py-[line:148]-ERROR-[log]:切换摄像头/dev/video0
2025-06-13 23:28:24,317-camera.py-[line:147]-ERROR-[log]:read:读取图像错误!!!!0
2025-06-13 23:28:24,318-camera.py-[line:148]-ERROR-[log]:切换摄像头/dev/video1
2025-06-13 23:28:24,341-camera.py-[line:147]-ERROR-[log]:read:读取图像错误!!!!0
2025-06-13 23:28:24,342-camera.py-[line:148]-ERROR-[log]:切换摄像头/dev/video0
2025-06-13 23:28:24,368-camera.py-[line:147]-ERROR-[log]:read:读取图像错误!!!!0
2025-06-13 23:28:24,368-camera.py-[line:148]-ERROR-[log]:切换摄像头/dev/video1
2025-06-13 23:28:24,393-camera.py-[line:147]-ERROR-[log]:read:读取图像错误!!!!0
2025-06-13 23:28:24,394-camera.py-[line:148]-ERROR-[log]:切换摄像头/dev/video0
2025-06-13 23:28:24,419-camera.py-[line:147]-ERROR-[log]:read:读取图像错误!!!!0
2025-06-13 23:28:24,419-camera.py-[line:148]-ERROR-[log]:切换摄像头/dev/video1
2025-06-13 23:28:24,444-camera.py-[line:147]-ERROR-[log]:read:读取图像错误!!!!0
2025-06-13 23:28:24,445-camera.py-[line:148]-ERROR-[log]:切换摄像头/dev/video0
2025-06-13 23:28:24,472-camera.py-[line:147]-ERROR-[log]:read:读取图像错误!!!!0
2025-06-13 23:28:24,473-camera.py-[line:148]-ERROR-[log]:切换摄像头/dev/video1
2025-06-13 23:28:24,500-camera.py-[line:147]-ERROR-[log]:read:读取图像错误!!!!0
2025-06-13 23:28:24,501-camera.py-[line:148]-ERROR-[log]:切换摄像头/dev/video0
2025-06-13 23:28:24,526-camera.py-[line:147]-ERROR-[log]:read:读取图像错误!!!!0
2025-06-13 23:28:24,527-camera.py-[line:148]-ERROR-[log]:切换摄像头/dev/video1
2025-06-13 23:28:24,553-camera.py-[line:147]-ERROR-[log]:read:读取图像错误!!!!0
2025-06-13 23:28:24,554-camera.py-[line:148]-ERROR-[log]:切换摄像头/dev/video0
2025-06-13 23:28:24,584-camera.py-[line:147]-ERROR-[log]:read:读取图像错误!!!!0
2025-06-13 23:28:24,585-camera.py-[line:148]-ERROR-[log]:切换摄像头/dev/video1
2025-06-13 23:28:24,609-camera.py-[line:147]-ERROR-[log]:read:读取图像错误!!!!0
2025-06-13 23:28:24,610-camera.py-[line:148]-ERROR-[log]:切换摄像头/dev/video0
2025-06-13 23:28:24,639-camera.py-[line:147]-ERROR-[log]:read:读取图像错误!!!!0
2025-06-13 23:28:24,640-camera.py-[line:148]-ERROR-[log]:切换摄像头/dev/video1
2025-06-13 23:28:24,667-camera.py-[line:147]-ERROR-[log]:read:读取图像错误!!!!0
2025-06-13 23:28:24,668-camera.py-[line:148]-ERROR-[log]:切换摄像头/dev/video0
2025-06-13 23:28:24,696-camera.py-[line:147]-ERROR-[log]:read:读取图像错误!!!!0
2025-06-13 23:28:24,696-camera.py-[line:148]-ERROR-[log]:切换摄像头/dev/video1
2025-06-13 23:28:24,723-camera.py-[line:147]-ERROR-[log]:read:读取图像错误!!!!0
2025-06-13 23:28:24,724-camera.py-[line:148]-ERROR-[log]:切换摄像头/dev/video0
2025-06-13 23:28:24,748-camera.py-[line:147]-ERROR-[log]:read:读取图像错误!!!!0
2025-06-13 23:28:24,748-camera.py-[line:148]-ERROR-[log]:切换摄像头/dev/video1
2025-06-13 23:28:24,779-infer_front.py-[line:111]-INFO-[log]:lane连接服务器...
2025-06-13 23:28:24,821-camera.py-[line:147]-ERROR-[log]:read:读取图像错误!!!!0
2025-06-13 23:28:24,828-camera.py-[line:148]-ERROR-[log]:切换摄像头/dev/video0
2025-06-13 23:28:24,957-camera.py-[line:147]-ERROR-[log]:read:读取图像错误!!!!0
2025-06-13 23:28:24,958-camera.py-[line:148]-ERROR-[log]:切换摄像头/dev/video1
2025-06-13 23:28:24,984-camera.py-[line:147]-ERROR-[log]:read:读取图像错误!!!!0
2025-06-13 23:28:24,985-camera.py-[line:148]-ERROR-[log]:切换摄像头/dev/video0
2025-06-13 23:28:25,017-camera.py-[line:147]-ERROR-[log]:read:读取图像错误!!!!0
2025-06-13 23:28:25,017-camera.py-[line:148]-ERROR-[log]:切换摄像头/dev/video1
2025-06-13 23:28:25,043-camera.py-[line:147]-ERROR-[log]:read:读取图像错误!!!!0
2025-06-13 23:28:25,043-camera.py-[line:148]-ERROR-[log]:切换摄像头/dev/video0
2025-06-13 23:28:25,065-infer_front.py-[line:133]-INFO-[log]:lane连接服务器成功
2025-06-13 23:28:25,067-infer_front.py-[line:111]-INFO-[log]:front连接服务器...
2025-06-13 23:28:25,070-camera.py-[line:147]-ERROR-[log]:read:读取图像错误!!!!0
2025-06-13 23:28:25,071-camera.py-[line:148]-ERROR-[log]:切换摄像头/dev/video1
2025-06-13 23:28:25,096-camera.py-[line:147]-ERROR-[log]:read:读取图像错误!!!!0
2025-06-13 23:28:25,096-camera.py-[line:148]-ERROR-[log]:切换摄像头/dev/video0
2025-06-13 23:28:25,124-camera.py-[line:147]-ERROR-[log]:read:读取图像错误!!!!0
2025-06-13 23:28:25,128-camera.py-[line:148]-ERROR-[log]:切换摄像头/dev/video1
2025-06-13 23:28:25,156-camera.py-[line:147]-ERROR-[log]:read:读取图像错误!!!!0
2025-06-13 23:28:25,156-camera.py-[line:148]-ERROR-[log]:切换摄像头/dev/video0
2025-06-13 23:28:25,180-camera.py-[line:147]-ERROR-[log]:read:读取图像错误!!!!0
2025-06-13 23:28:25,180-camera.py-[line:148]-ERROR-[log]:切换摄像头/dev/video1
2025-06-13 23:28:25,207-camera.py-[line:147]-ERROR-[log]:read:读取图像错误!!!!0
2025-06-13 23:28:25,208-camera.py-[line:148]-ERROR-[log]:切换摄像头/dev/video0
2025-06-13 23:28:25,217-infer_front.py-[line:133]-INFO-[log]:front连接服务器成功
2025-06-13 23:28:25,218-infer_front.py-[line:111]-INFO-[log]:task连接服务器...
2025-06-13 23:28:25,241-camera.py-[line:147]-ERROR-[log]:read:读取图像错误!!!!0
2025-06-13 23:28:25,242-camera.py-[line:148]-ERROR-[log]:切换摄像头/dev/video1
2025-06-13 23:28:25,276-camera.py-[line:147]-ERROR-[log]:read:读取图像错误!!!!0
2025-06-13 23:28:25,277-camera.py-[line:148]-ERROR-[log]:切换摄像头/dev/video0
2025-06-13 23:28:25,315-camera.py-[line:147]-ERROR-[log]:read:读取图像错误!!!!0
2025-06-13 23:28:25,316-camera.py-[line:148]-ERROR-[log]:切换摄像头/dev/video1
2025-06-13 23:28:25,353-camera.py-[line:147]-ERROR-[log]:read:读取图像错误!!!!0
2025-06-13 23:28:25,354-camera.py-[line:148]-ERROR-[log]:切换摄像头/dev/video0
2025-06-13 23:28:25,367-camera.py-[line:147]-ERROR-[log]:read:读取图像错误!!!!2
2025-06-13 23:28:25,368-camera.py-[line:148]-ERROR-[log]:切换摄像头/dev/video3
2025-06-13 23:28:25,376-infer_front.py-[line:133]-INFO-[log]:task连接服务器成功
2025-06-13 23:28:25,377-infer_front.py-[line:111]-INFO-[log]:mot连接服务器...
2025-06-13 23:28:25,396-camera.py-[line:147]-ERROR-[log]:read:读取图像错误!!!!0
2025-06-13 23:28:25,396-camera.py-[line:148]-ERROR-[log]:切换摄像头/dev/video1
2025-06-13 23:28:25,424-camera.py-[line:147]-ERROR-[log]:read:读取图像错误!!!!0
2025-06-13 23:28:25,426-camera.py-[line:148]-ERROR-[log]:切换摄像头/dev/video0
2025-06-13 23:28:25,452-camera.py-[line:147]-ERROR-[log]:read:读取图像错误!!!!0
2025-06-13 23:28:25,453-camera.py-[line:148]-ERROR-[log]:切换摄像头/dev/video1
2025-06-13 23:28:25,489-camera.py-[line:147]-ERROR-[log]:read:读取图像错误!!!!0
2025-06-13 23:28:25,490-camera.py-[line:148]-ERROR-[log]:切换摄像头/dev/video0
2025-06-13 23:28:25,519-camera.py-[line:147]-ERROR-[log]:read:读取图像错误!!!!0
2025-06-13 23:28:25,526-camera.py-[line:148]-ERROR-[log]:切换摄像头/dev/video1
2025-06-13 23:28:25,527-infer_front.py-[line:133]-INFO-[log]:mot连接服务器成功
2025-06-13 23:28:25,531-infer_front.py-[line:111]-INFO-[log]:humattr连接服务器...
2025-06-13 23:28:25,553-camera.py-[line:147]-ERROR-[log]:read:读取图像错误!!!!0
2025-06-13 23:28:25,554-camera.py-[line:148]-ERROR-[log]:切换摄像头/dev/video0
2025-06-13 23:28:25,579-camera.py-[line:147]-ERROR-[log]:read:读取图像错误!!!!0
2025-06-13 23:28:25,580-camera.py-[line:148]-ERROR-[log]:切换摄像头/dev/video1
2025-06-13 23:28:25,604-camera.py-[line:147]-ERROR-[log]:read:读取图像错误!!!!0
2025-06-13 23:28:25,605-camera.py-[line:148]-ERROR-[log]:切换摄像头/dev/video0
2025-06-13 23:28:25,637-camera.py-[line:147]-ERROR-[log]:read:读取图像错误!!!!0
2025-06-13 23:28:25,639-camera.py-[line:148]-ERROR-[log]:切换摄像头/dev/video1
2025-06-13 23:31:37,554-controller2.py-[line:313]-INFO-[log]:ping:/dev/ttyUSB0 ok, res:b'wh\x04\n'
2025-06-13 23:31:37,776-controller2.py-[line:313]-INFO-[log]:ping:/dev/ttyUSB0 ok, res:b'wh\x04\n'
2025-06-13 23:31:37,914-camera.py-[line:147]-ERROR-[log]:read:读取图像错误!!!!0
2025-06-13 23:31:37,914-camera.py-[line:148]-ERROR-[log]:切换摄像头/dev/video0
2025-06-13 23:31:38,003-camera.py-[line:147]-ERROR-[log]:read:读取图像错误!!!!0
2025-06-13 23:31:38,004-camera.py-[line:148]-ERROR-[log]:切换摄像头/dev/video1
2025-06-13 23:31:38,093-camera.py-[line:147]-ERROR-[log]:read:读取图像错误!!!!0
2025-06-13 23:31:38,094-camera.py-[line:148]-ERROR-[log]:切换摄像头/dev/video0
2025-06-13 23:31:38,180-camera.py-[line:147]-ERROR-[log]:read:读取图像错误!!!!0
2025-06-13 23:31:38,181-camera.py-[line:148]-ERROR-[log]:切换摄像头/dev/video1
2025-06-13 23:31:38,269-camera.py-[line:147]-ERROR-[log]:read:读取图像错误!!!!0
2025-06-13 23:31:38,269-camera.py-[line:148]-ERROR-[log]:切换摄像头/dev/video0
2025-06-13 23:31:38,355-camera.py-[line:147]-ERROR-[log]:read:读取图像错误!!!!0
2025-06-13 23:31:38,356-camera.py-[line:148]-ERROR-[log]:切换摄像头/dev/video1
2025-06-13 23:31:38,446-camera.py-[line:147]-ERROR-[log]:read:读取图像错误!!!!0
2025-06-13 23:31:38,446-camera.py-[line:148]-ERROR-[log]:切换摄像头/dev/video0
2025-06-13 23:31:38,532-camera.py-[line:147]-ERROR-[log]:read:读取图像错误!!!!0
2025-06-13 23:31:38,533-camera.py-[line:148]-ERROR-[log]:切换摄像头/dev/video1
2025-06-13 23:31:38,619-camera.py-[line:147]-ERROR-[log]:read:读取图像错误!!!!0
2025-06-13 23:31:38,620-camera.py-[line:148]-ERROR-[log]:切换摄像头/dev/video0
2025-06-13 23:31:38,706-camera.py-[line:147]-ERROR-[log]:read:读取图像错误!!!!0
2025-06-13 23:31:38,707-camera.py-[line:148]-ERROR-[log]:切换摄像头/dev/video1
2025-06-13 23:31:38,794-camera.py-[line:147]-ERROR-[log]:read:读取图像错误!!!!0
2025-06-13 23:31:38,795-camera.py-[line:148]-ERROR-[log]:切换摄像头/dev/video0
2025-06-13 23:31:38,881-camera.py-[line:147]-ERROR-[log]:read:读取图像错误!!!!0
2025-06-13 23:31:38,882-camera.py-[line:148]-ERROR-[log]:切换摄像头/dev/video1
2025-06-13 23:31:38,965-camera.py-[line:147]-ERROR-[log]:read:读取图像错误!!!!0
2025-06-13 23:31:38,966-camera.py-[line:148]-ERROR-[log]:切换摄像头/dev/video0
2025-06-13 23:31:39,050-camera.py-[line:147]-ERROR-[log]:read:读取图像错误!!!!0
2025-06-13 23:31:39,051-camera.py-[line:148]-ERROR-[log]:切换摄像头/dev/video1
2025-06-13 23:31:39,140-camera.py-[line:147]-ERROR-[log]:read:读取图像错误!!!!0
2025-06-13 23:31:39,141-camera.py-[line:148]-ERROR-[log]:切换摄像头/dev/video0
2025-06-13 23:31:39,225-camera.py-[line:147]-ERROR-[log]:read:读取图像错误!!!!0
2025-06-13 23:31:39,226-camera.py-[line:148]-ERROR-[log]:切换摄像头/dev/video1
2025-06-13 23:48:26,711-controller2.py-[line:313]-INFO-[log]:ping:/dev/ttyUSB0 ok, res:b'wh\x04\n'
2025-06-13 23:48:26,937-controller2.py-[line:313]-INFO-[log]:ping:/dev/ttyUSB0 ok, res:b'wh\x04\n'
2025-06-13 23:50:16,123-controller2.py-[line:313]-INFO-[log]:ping:/dev/ttyUSB0 ok, res:b'wh\x04\n'
2025-06-13 23:50:16,348-controller2.py-[line:313]-INFO-[log]:ping:/dev/ttyUSB0 ok, res:b'wh\x04\n'
2025-06-13 23:50:16,433-camera.py-[line:91]-ERROR-[log]:摄像头v4l2src device=/dev/video0 ! video/x-raw,format=YUY2,width=640,height=480 ! videoconvert ! appsink打开失败
2025-06-13 23:50:17,435-camera.py-[line:91]-ERROR-[log]:摄像头v4l2src device=/dev/video0 ! video/x-raw,format=YUY2,width=640,height=480 ! videoconvert ! appsink打开失败
2025-06-13 23:50:18,437-camera.py-[line:91]-ERROR-[log]:摄像头v4l2src device=/dev/video0 ! video/x-raw,format=YUY2,width=640,height=480 ! videoconvert ! appsink打开失败
2025-06-13 23:50:19,439-camera.py-[line:91]-ERROR-[log]:摄像头v4l2src device=/dev/video0 ! video/x-raw,format=YUY2,width=640,height=480 ! videoconvert ! appsink打开失败
2025-06-13 23:55:29,134-controller2.py-[line:313]-INFO-[log]:ping:/dev/ttyUSB0 ok, res:b'wh\x04\n'
2025-06-13 23:55:29,359-controller2.py-[line:313]-INFO-[log]:ping:/dev/ttyUSB0 ok, res:b'wh\x04\n'
2025-06-13 23:55:29,465-camera.py-[line:88]-ERROR-[log]:摄像头0打开失败
2025-06-13 23:55:30,467-camera.py-[line:88]-ERROR-[log]:摄像头0打开失败
2025-06-13 23:55:31,469-camera.py-[line:88]-ERROR-[log]:摄像头0打开失败
2025-06-13 23:55:32,472-camera.py-[line:88]-ERROR-[log]:摄像头0打开失败
2025-06-13 23:57:34,997-controller2.py-[line:313]-INFO-[log]:ping:/dev/ttyUSB0 ok, res:b'wh\x04\n'
2025-06-13 23:57:35,220-controller2.py-[line:313]-INFO-[log]:ping:/dev/ttyUSB0 ok, res:b'wh\x04\n'
2025-06-13 23:57:35,353-camera.py-[line:92]-ERROR-[log]:摄像头0打开失败
2025-06-13 23:57:36,358-camera.py-[line:92]-ERROR-[log]:摄像头0打开失败
2025-06-13 23:57:37,363-camera.py-[line:92]-ERROR-[log]:摄像头0打开失败
2025-06-14 00:00:01,934-camera.py-[line:147]-ERROR-[log]:read:读取图像错误!!!!0
2025-06-14 00:00:01,961-camera.py-[line:148]-ERROR-[log]:切换摄像头/dev/video0
2025-06-14 00:00:06,506-camera.py-[line:147]-ERROR-[log]:read:读取图像错误!!!!2
2025-06-14 00:00:06,510-camera.py-[line:148]-ERROR-[log]:切换摄像头/dev/video2
