2025-06-08 21:28:41,570-controller2.py-[line:313]-INFO-[log]:ping:/dev/ttyUSB0 ok, res:b'wh\x04\n'
2025-06-08 21:28:41,788-controller2.py-[line:313]-INFO-[log]:ping:/dev/ttyUSB0 ok, res:b'wh\x04\n'
2025-06-08 21:28:42,434-vehicle_base2.py-[line:523]-INFO-[log]:mecanum init
2025-06-08 21:28:42,646-car_wrap.py-[line:147]-INFO-[log]:my car init ok 0.21100282669067383
2025-06-08 21:33:39,975-controller2.py-[line:313]-INFO-[log]:ping:/dev/ttyUSB0 ok, res:b'wh\x04\n'
2025-06-08 21:33:40,192-controller2.py-[line:313]-INFO-[log]:ping:/dev/ttyUSB0 ok, res:b'wh\x04\n'
2025-06-08 21:33:40,800-vehicle_base2.py-[line:523]-INFO-[log]:mecanum init
2025-06-08 21:33:41,011-car_wrap.py-[line:147]-INFO-[log]:my car init ok 0.21085190773010254
2025-06-08 21:34:15,554-controller2.py-[line:313]-INFO-[log]:ping:/dev/ttyUSB0 ok, res:b'wh\x04\n'
2025-06-08 21:34:15,777-controller2.py-[line:313]-INFO-[log]:ping:/dev/ttyUSB0 ok, res:b'wh\x04\n'
2025-06-08 21:34:16,238-vehicle_base2.py-[line:523]-INFO-[log]:mecanum init
2025-06-08 21:34:16,449-car_wrap.py-[line:147]-INFO-[log]:my car init ok 0.21111178398132324
2025-06-08 21:34:45,868-controller2.py-[line:313]-INFO-[log]:ping:/dev/ttyUSB0 ok, res:b'wh\x04\n'
2025-06-08 21:34:46,092-controller2.py-[line:313]-INFO-[log]:ping:/dev/ttyUSB0 ok, res:b'wh\x04\n'
2025-06-08 21:34:46,551-vehicle_base2.py-[line:523]-INFO-[log]:mecanum init
2025-06-08 21:34:46,763-car_wrap.py-[line:147]-INFO-[log]:my car init ok 0.21109342575073242
2025-06-08 21:37:36,094-controller2.py-[line:313]-INFO-[log]:ping:/dev/ttyUSB0 ok, res:b'wh\x04\n'
2025-06-08 21:37:36,316-controller2.py-[line:313]-INFO-[log]:ping:/dev/ttyUSB0 ok, res:b'wh\x04\n'
2025-06-08 21:37:36,928-vehicle_base2.py-[line:523]-INFO-[log]:mecanum init
2025-06-08 21:37:37,139-car_wrap.py-[line:147]-INFO-[log]:my car init ok 0.21134424209594727
2025-06-08 21:37:41,876-infer_front.py-[line:111]-INFO-[log]:lane连接服务器...
2025-06-08 21:37:41,961-infer_front.py-[line:150]-INFO-[log]:开启infer_back_end.py脚本, 后台运行中, 请等待
2025-06-08 21:38:18,603-infer_front.py-[line:124]-INFO-[log]:
2025-06-08 21:38:18,620-infer_front.py-[line:133]-INFO-[log]:lane连接服务器成功
2025-06-08 21:38:18,623-infer_front.py-[line:111]-INFO-[log]:front连接服务器...
2025-06-08 21:38:18,800-infer_front.py-[line:133]-INFO-[log]:front连接服务器成功
2025-06-08 21:38:18,802-infer_front.py-[line:111]-INFO-[log]:task连接服务器...
2025-06-08 21:38:18,894-infer_front.py-[line:133]-INFO-[log]:task连接服务器成功
2025-06-08 21:38:18,894-infer_front.py-[line:111]-INFO-[log]:mot连接服务器...
2025-06-08 21:38:18,971-infer_front.py-[line:133]-INFO-[log]:mot连接服务器成功
2025-06-08 21:38:18,971-infer_front.py-[line:111]-INFO-[log]:humattr连接服务器...
2025-06-08 21:38:19,049-infer_front.py-[line:133]-INFO-[log]:humattr连接服务器成功
2025-06-08 21:38:19,049-infer_front.py-[line:111]-INFO-[log]:ocr连接服务器...
2025-06-08 21:38:19,130-infer_front.py-[line:133]-INFO-[log]:ocr连接服务器成功
2025-06-08 21:38:19,130-infer_front.py-[line:111]-INFO-[log]:redstop连接服务器...
2025-06-08 21:38:19,209-infer_front.py-[line:133]-INFO-[log]:redstop连接服务器成功
2025-06-08 21:38:20,435-car_wrap.py-[line:452]-INFO-[log]:task location dis out!!!!!!!!!!!!!
2025-06-08 21:38:20,470-camera.py-[line:182]-INFO-[log]:/dev/video0 close
2025-06-08 21:38:20,511-camera.py-[line:182]-INFO-[log]:/dev/video2 close
2025-06-08 21:40:48,917-controller2.py-[line:313]-INFO-[log]:ping:/dev/ttyUSB0 ok, res:b'wh\x04\n'
2025-06-08 21:40:49,137-controller2.py-[line:313]-INFO-[log]:ping:/dev/ttyUSB0 ok, res:b'wh\x04\n'
2025-06-08 21:40:49,928-vehicle_base2.py-[line:523]-INFO-[log]:mecanum init
2025-06-08 21:40:50,143-car_wrap.py-[line:147]-INFO-[log]:my car init ok 0.21503210067749023
2025-06-08 21:40:54,949-infer_front.py-[line:111]-INFO-[log]:lane连接服务器...
2025-06-08 21:40:55,071-infer_front.py-[line:133]-INFO-[log]:lane连接服务器成功
2025-06-08 21:40:55,072-infer_front.py-[line:111]-INFO-[log]:front连接服务器...
2025-06-08 21:40:55,159-infer_front.py-[line:133]-INFO-[log]:front连接服务器成功
2025-06-08 21:40:55,159-infer_front.py-[line:111]-INFO-[log]:task连接服务器...
2025-06-08 21:40:55,240-infer_front.py-[line:133]-INFO-[log]:task连接服务器成功
2025-06-08 21:40:55,241-infer_front.py-[line:111]-INFO-[log]:mot连接服务器...
2025-06-08 21:40:55,316-infer_front.py-[line:133]-INFO-[log]:mot连接服务器成功
2025-06-08 21:40:55,316-infer_front.py-[line:111]-INFO-[log]:humattr连接服务器...
2025-06-08 21:40:55,392-infer_front.py-[line:133]-INFO-[log]:humattr连接服务器成功
2025-06-08 21:40:55,392-infer_front.py-[line:111]-INFO-[log]:ocr连接服务器...
2025-06-08 21:40:55,468-infer_front.py-[line:133]-INFO-[log]:ocr连接服务器成功
2025-06-08 21:40:55,469-infer_front.py-[line:111]-INFO-[log]:redstop连接服务器...
2025-06-08 21:40:55,545-infer_front.py-[line:133]-INFO-[log]:redstop连接服务器成功
2025-06-08 21:40:57,320-car_wrap.py-[line:452]-INFO-[log]:task location dis out!!!!!!!!!!!!!
2025-06-08 21:40:57,605-camera.py-[line:182]-INFO-[log]:/dev/video0 close
2025-06-08 21:40:57,646-camera.py-[line:182]-INFO-[log]:/dev/video2 close
2025-06-08 21:52:05,730-controller2.py-[line:313]-INFO-[log]:ping:/dev/ttyUSB0 ok, res:b'wh\x04\n'
2025-06-08 21:52:05,953-controller2.py-[line:313]-INFO-[log]:ping:/dev/ttyUSB0 ok, res:b'wh\x04\n'
2025-06-08 21:52:06,685-vehicle_base2.py-[line:523]-INFO-[log]:mecanum init
2025-06-08 21:52:06,901-car_wrap.py-[line:147]-INFO-[log]:my car init ok 0.2161240577697754
2025-06-08 21:52:11,821-infer_front.py-[line:111]-INFO-[log]:lane连接服务器...
2025-06-08 21:52:12,040-infer_front.py-[line:133]-INFO-[log]:lane连接服务器成功
2025-06-08 21:52:12,041-infer_front.py-[line:111]-INFO-[log]:front连接服务器...
2025-06-08 21:52:12,177-infer_front.py-[line:133]-INFO-[log]:front连接服务器成功
2025-06-08 21:52:12,177-infer_front.py-[line:111]-INFO-[log]:task连接服务器...
2025-06-08 21:52:12,261-infer_front.py-[line:133]-INFO-[log]:task连接服务器成功
2025-06-08 21:52:12,262-infer_front.py-[line:111]-INFO-[log]:mot连接服务器...
2025-06-08 21:52:12,343-infer_front.py-[line:133]-INFO-[log]:mot连接服务器成功
2025-06-08 21:52:12,343-infer_front.py-[line:111]-INFO-[log]:humattr连接服务器...
2025-06-08 21:52:12,424-infer_front.py-[line:133]-INFO-[log]:humattr连接服务器成功
2025-06-08 21:52:12,425-infer_front.py-[line:111]-INFO-[log]:ocr连接服务器...
2025-06-08 21:52:12,506-infer_front.py-[line:133]-INFO-[log]:ocr连接服务器成功
2025-06-08 21:52:12,506-infer_front.py-[line:111]-INFO-[log]:redstop连接服务器...
2025-06-08 21:52:12,588-infer_front.py-[line:133]-INFO-[log]:redstop连接服务器成功
2025-06-08 21:52:14,507-car_wrap.py-[line:452]-INFO-[log]:task location dis out!!!!!!!!!!!!!
2025-06-08 21:52:14,653-camera.py-[line:182]-INFO-[log]:/dev/video0 close
2025-06-08 21:52:14,701-camera.py-[line:182]-INFO-[log]:/dev/video2 close
2025-06-08 21:54:17,530-controller2.py-[line:313]-INFO-[log]:ping:/dev/ttyUSB0 ok, res:b'wh\x04\n'
2025-06-08 21:54:17,764-controller2.py-[line:313]-INFO-[log]:ping:/dev/ttyUSB0 ok, res:b'wh\x04\n'
2025-06-08 21:54:18,575-vehicle_base2.py-[line:523]-INFO-[log]:mecanum init
2025-06-08 21:54:18,794-car_wrap.py-[line:147]-INFO-[log]:my car init ok 0.21833491325378418
2025-06-08 21:54:23,622-infer_front.py-[line:111]-INFO-[log]:lane连接服务器...
2025-06-08 21:54:23,774-infer_front.py-[line:133]-INFO-[log]:lane连接服务器成功
2025-06-08 21:54:23,775-infer_front.py-[line:111]-INFO-[log]:front连接服务器...
2025-06-08 21:54:23,861-infer_front.py-[line:133]-INFO-[log]:front连接服务器成功
2025-06-08 21:54:23,861-infer_front.py-[line:111]-INFO-[log]:task连接服务器...
2025-06-08 21:54:23,945-infer_front.py-[line:133]-INFO-[log]:task连接服务器成功
2025-06-08 21:54:23,946-infer_front.py-[line:111]-INFO-[log]:mot连接服务器...
2025-06-08 21:54:24,033-infer_front.py-[line:133]-INFO-[log]:mot连接服务器成功
2025-06-08 21:54:24,034-infer_front.py-[line:111]-INFO-[log]:humattr连接服务器...
2025-06-08 21:54:24,121-infer_front.py-[line:133]-INFO-[log]:humattr连接服务器成功
2025-06-08 21:54:24,122-infer_front.py-[line:111]-INFO-[log]:ocr连接服务器...
2025-06-08 21:54:24,215-infer_front.py-[line:133]-INFO-[log]:ocr连接服务器成功
2025-06-08 21:54:24,215-infer_front.py-[line:111]-INFO-[log]:redstop连接服务器...
2025-06-08 21:54:24,299-infer_front.py-[line:133]-INFO-[log]:redstop连接服务器成功
2025-06-08 21:54:24,305-vehicle_base2.py-[line:523]-INFO-[log]:mecanum init
2025-06-08 22:03:20,391-controller2.py-[line:313]-INFO-[log]:ping:/dev/ttyUSB0 ok, res:b'wh\x04\n'
2025-06-08 22:03:20,628-controller2.py-[line:313]-INFO-[log]:ping:/dev/ttyUSB0 ok, res:b'wh\x04\n'
2025-06-08 22:03:21,368-vehicle_base2.py-[line:523]-INFO-[log]:mecanum init
2025-06-08 22:03:21,583-car_wrap.py-[line:147]-INFO-[log]:my car init ok 0.21499991416931152
2025-06-08 22:03:26,510-infer_front.py-[line:111]-INFO-[log]:lane连接服务器...
2025-06-08 22:03:26,681-infer_front.py-[line:133]-INFO-[log]:lane连接服务器成功
2025-06-08 22:03:26,682-infer_front.py-[line:111]-INFO-[log]:front连接服务器...
2025-06-08 22:03:26,767-infer_front.py-[line:133]-INFO-[log]:front连接服务器成功
2025-06-08 22:03:26,767-infer_front.py-[line:111]-INFO-[log]:task连接服务器...
2025-06-08 22:03:26,851-infer_front.py-[line:133]-INFO-[log]:task连接服务器成功
2025-06-08 22:03:26,852-infer_front.py-[line:111]-INFO-[log]:mot连接服务器...
2025-06-08 22:03:26,934-infer_front.py-[line:133]-INFO-[log]:mot连接服务器成功
2025-06-08 22:03:26,935-infer_front.py-[line:111]-INFO-[log]:humattr连接服务器...
2025-06-08 22:03:27,018-infer_front.py-[line:133]-INFO-[log]:humattr连接服务器成功
2025-06-08 22:03:27,019-infer_front.py-[line:111]-INFO-[log]:ocr连接服务器...
2025-06-08 22:03:27,101-infer_front.py-[line:133]-INFO-[log]:ocr连接服务器成功
2025-06-08 22:03:27,102-infer_front.py-[line:111]-INFO-[log]:redstop连接服务器...
2025-06-08 22:03:27,181-infer_front.py-[line:133]-INFO-[log]:redstop连接服务器成功
2025-06-08 22:05:31,444-controller2.py-[line:313]-INFO-[log]:ping:/dev/ttyUSB0 ok, res:b'wh\x04\n'
2025-06-08 22:05:31,665-controller2.py-[line:313]-INFO-[log]:ping:/dev/ttyUSB0 ok, res:b'wh\x04\n'
2025-06-08 22:05:32,392-vehicle_base2.py-[line:523]-INFO-[log]:mecanum init
2025-06-08 22:05:32,603-car_wrap.py-[line:147]-INFO-[log]:my car init ok 0.21089792251586914
2025-06-08 22:05:37,412-infer_front.py-[line:111]-INFO-[log]:lane连接服务器...
2025-06-08 22:05:37,557-infer_front.py-[line:133]-INFO-[log]:lane连接服务器成功
2025-06-08 22:05:37,557-infer_front.py-[line:111]-INFO-[log]:front连接服务器...
2025-06-08 22:05:37,638-infer_front.py-[line:133]-INFO-[log]:front连接服务器成功
2025-06-08 22:05:37,638-infer_front.py-[line:111]-INFO-[log]:task连接服务器...
2025-06-08 22:05:37,717-infer_front.py-[line:133]-INFO-[log]:task连接服务器成功
2025-06-08 22:05:37,718-infer_front.py-[line:111]-INFO-[log]:mot连接服务器...
2025-06-08 22:05:37,796-infer_front.py-[line:133]-INFO-[log]:mot连接服务器成功
2025-06-08 22:05:37,797-infer_front.py-[line:111]-INFO-[log]:humattr连接服务器...
2025-06-08 22:05:37,878-infer_front.py-[line:133]-INFO-[log]:humattr连接服务器成功
2025-06-08 22:05:37,878-infer_front.py-[line:111]-INFO-[log]:ocr连接服务器...
2025-06-08 22:05:37,955-infer_front.py-[line:133]-INFO-[log]:ocr连接服务器成功
2025-06-08 22:05:37,955-infer_front.py-[line:111]-INFO-[log]:redstop连接服务器...
2025-06-08 22:05:38,033-infer_front.py-[line:133]-INFO-[log]:redstop连接服务器成功
2025-06-08 22:12:47,980-controller2.py-[line:313]-INFO-[log]:ping:/dev/ttyUSB0 ok, res:b'wh\x04\n'
2025-06-08 22:12:48,203-controller2.py-[line:313]-INFO-[log]:ping:/dev/ttyUSB0 ok, res:b'wh\x04\n'
2025-06-08 22:12:48,849-vehicle_base2.py-[line:523]-INFO-[log]:mecanum init
2025-06-08 22:12:49,060-car_wrap.py-[line:147]-INFO-[log]:my car init ok 0.21102309226989746
2025-06-08 22:12:53,821-infer_front.py-[line:111]-INFO-[log]:lane连接服务器...
2025-06-08 22:12:53,916-infer_front.py-[line:150]-INFO-[log]:开启infer_back_end.py脚本, 后台运行中, 请等待
2025-06-08 22:13:28,149-infer_front.py-[line:124]-INFO-[log]:
2025-06-08 22:13:28,179-infer_front.py-[line:133]-INFO-[log]:lane连接服务器成功
2025-06-08 22:13:28,182-infer_front.py-[line:111]-INFO-[log]:front连接服务器...
2025-06-08 22:13:28,381-infer_front.py-[line:133]-INFO-[log]:front连接服务器成功
2025-06-08 22:13:28,382-infer_front.py-[line:111]-INFO-[log]:task连接服务器...
2025-06-08 22:13:28,464-infer_front.py-[line:133]-INFO-[log]:task连接服务器成功
2025-06-08 22:13:28,464-infer_front.py-[line:111]-INFO-[log]:mot连接服务器...
2025-06-08 22:13:28,541-infer_front.py-[line:133]-INFO-[log]:mot连接服务器成功
2025-06-08 22:13:28,543-infer_front.py-[line:111]-INFO-[log]:humattr连接服务器...
2025-06-08 22:13:28,622-infer_front.py-[line:133]-INFO-[log]:humattr连接服务器成功
2025-06-08 22:13:28,623-infer_front.py-[line:111]-INFO-[log]:ocr连接服务器...
2025-06-08 22:13:28,709-infer_front.py-[line:133]-INFO-[log]:ocr连接服务器成功
2025-06-08 22:13:28,709-infer_front.py-[line:111]-INFO-[log]:redstop连接服务器...
2025-06-08 22:13:28,791-infer_front.py-[line:133]-INFO-[log]:redstop连接服务器成功
2025-06-08 22:18:00,021-controller2.py-[line:313]-INFO-[log]:ping:/dev/ttyUSB0 ok, res:b'wh\x04\n'
2025-06-08 22:18:00,244-controller2.py-[line:313]-INFO-[log]:ping:/dev/ttyUSB0 ok, res:b'wh\x04\n'
2025-06-08 22:18:01,005-vehicle_base2.py-[line:523]-INFO-[log]:mecanum init
2025-06-08 22:18:01,221-car_wrap.py-[line:147]-INFO-[log]:my car init ok 0.21535348892211914
2025-06-08 22:18:06,037-infer_front.py-[line:111]-INFO-[log]:lane连接服务器...
2025-06-08 22:18:06,195-infer_front.py-[line:133]-INFO-[log]:lane连接服务器成功
2025-06-08 22:18:06,196-infer_front.py-[line:111]-INFO-[log]:front连接服务器...
2025-06-08 22:18:06,280-infer_front.py-[line:133]-INFO-[log]:front连接服务器成功
2025-06-08 22:18:06,280-infer_front.py-[line:111]-INFO-[log]:task连接服务器...
2025-06-08 22:18:06,367-infer_front.py-[line:133]-INFO-[log]:task连接服务器成功
2025-06-08 22:18:06,367-infer_front.py-[line:111]-INFO-[log]:mot连接服务器...
2025-06-08 22:18:06,451-infer_front.py-[line:133]-INFO-[log]:mot连接服务器成功
2025-06-08 22:18:06,452-infer_front.py-[line:111]-INFO-[log]:humattr连接服务器...
2025-06-08 22:18:06,535-infer_front.py-[line:133]-INFO-[log]:humattr连接服务器成功
2025-06-08 22:18:06,536-infer_front.py-[line:111]-INFO-[log]:ocr连接服务器...
2025-06-08 22:18:06,618-infer_front.py-[line:133]-INFO-[log]:ocr连接服务器成功
2025-06-08 22:18:06,618-infer_front.py-[line:111]-INFO-[log]:redstop连接服务器...
2025-06-08 22:18:06,698-infer_front.py-[line:133]-INFO-[log]:redstop连接服务器成功
2025-06-08 22:29:50,272-controller2.py-[line:279]-ERROR-[log]:未找到串口,查看是否插入了串口,或者查看下位机是否开机
2025-06-08 22:33:55,259-controller2.py-[line:313]-INFO-[log]:ping:/dev/ttyUSB0 ok, res:b'wh\x04\n'
2025-06-08 22:33:55,481-controller2.py-[line:313]-INFO-[log]:ping:/dev/ttyUSB0 ok, res:b'wh\x04\n'
2025-06-08 22:33:56,152-vehicle_base2.py-[line:523]-INFO-[log]:mecanum init
2025-06-08 22:33:56,363-car_wrap.py-[line:147]-INFO-[log]:my car init ok 0.21114516258239746
2025-06-08 22:34:00,457-infer_front.py-[line:111]-INFO-[log]:lane连接服务器...
2025-06-08 22:34:00,578-infer_front.py-[line:133]-INFO-[log]:lane连接服务器成功
2025-06-08 22:34:00,578-infer_front.py-[line:111]-INFO-[log]:front连接服务器...
2025-06-08 22:34:00,638-infer_front.py-[line:133]-INFO-[log]:front连接服务器成功
2025-06-08 22:34:00,638-infer_front.py-[line:111]-INFO-[log]:task连接服务器...
2025-06-08 22:34:00,699-infer_front.py-[line:133]-INFO-[log]:task连接服务器成功
2025-06-08 22:34:00,700-infer_front.py-[line:111]-INFO-[log]:mot连接服务器...
2025-06-08 22:34:00,761-infer_front.py-[line:133]-INFO-[log]:mot连接服务器成功
2025-06-08 22:34:00,762-infer_front.py-[line:111]-INFO-[log]:humattr连接服务器...
2025-06-08 22:34:00,823-infer_front.py-[line:133]-INFO-[log]:humattr连接服务器成功
2025-06-08 22:34:00,824-infer_front.py-[line:111]-INFO-[log]:ocr连接服务器...
2025-06-08 22:34:00,883-infer_front.py-[line:133]-INFO-[log]:ocr连接服务器成功
2025-06-08 22:34:00,884-infer_front.py-[line:111]-INFO-[log]:redstop连接服务器...
2025-06-08 22:34:00,944-infer_front.py-[line:133]-INFO-[log]:redstop连接服务器成功
2025-06-08 22:56:06,016-controller2.py-[line:313]-INFO-[log]:ping:/dev/ttyUSB0 ok, res:b'wh\x04\n'
2025-06-08 22:56:06,241-controller2.py-[line:313]-INFO-[log]:ping:/dev/ttyUSB0 ok, res:b'wh\x04\n'
2025-06-08 23:07:33,704-controller2.py-[line:313]-INFO-[log]:ping:/dev/ttyUSB0 ok, res:b'wh\x04\n'
2025-06-08 23:07:33,929-controller2.py-[line:313]-INFO-[log]:ping:/dev/ttyUSB0 ok, res:b'wh\x04\n'
2025-06-08 23:08:02,308-controller2.py-[line:313]-INFO-[log]:ping:/dev/ttyUSB0 ok, res:b'wh\x04\n'
2025-06-08 23:08:02,527-controller2.py-[line:313]-INFO-[log]:ping:/dev/ttyUSB0 ok, res:b'wh\x04\n'
2025-06-08 23:08:03,209-vehicle_base2.py-[line:523]-INFO-[log]:mecanum init
2025-06-08 23:08:03,420-car_wrap.py-[line:147]-INFO-[log]:my car init ok 0.21176934242248535
2025-06-08 23:08:08,212-infer_front.py-[line:111]-INFO-[log]:lane连接服务器...
2025-06-08 23:08:08,325-infer_front.py-[line:133]-INFO-[log]:lane连接服务器成功
2025-06-08 23:08:08,325-infer_front.py-[line:111]-INFO-[log]:front连接服务器...
2025-06-08 23:08:08,388-infer_front.py-[line:133]-INFO-[log]:front连接服务器成功
2025-06-08 23:08:08,389-infer_front.py-[line:111]-INFO-[log]:task连接服务器...
2025-06-08 23:08:08,449-infer_front.py-[line:133]-INFO-[log]:task连接服务器成功
2025-06-08 23:08:08,449-infer_front.py-[line:111]-INFO-[log]:mot连接服务器...
2025-06-08 23:08:08,508-infer_front.py-[line:133]-INFO-[log]:mot连接服务器成功
2025-06-08 23:08:08,509-infer_front.py-[line:111]-INFO-[log]:humattr连接服务器...
2025-06-08 23:08:08,568-infer_front.py-[line:133]-INFO-[log]:humattr连接服务器成功
2025-06-08 23:08:08,568-infer_front.py-[line:111]-INFO-[log]:ocr连接服务器...
2025-06-08 23:08:08,626-infer_front.py-[line:133]-INFO-[log]:ocr连接服务器成功
2025-06-08 23:08:08,627-infer_front.py-[line:111]-INFO-[log]:redstop连接服务器...
2025-06-08 23:08:08,687-infer_front.py-[line:133]-INFO-[log]:redstop连接服务器成功
2025-06-08 23:18:48,706-controller2.py-[line:313]-INFO-[log]:ping:/dev/ttyUSB0 ok, res:b'wh\x04\n'
2025-06-08 23:18:48,929-controller2.py-[line:313]-INFO-[log]:ping:/dev/ttyUSB0 ok, res:b'wh\x04\n'
2025-06-08 23:18:49,740-vehicle_base2.py-[line:523]-INFO-[log]:mecanum init
2025-06-08 23:18:49,951-car_wrap.py-[line:147]-INFO-[log]:my car init ok 0.2111513614654541
2025-06-08 23:18:54,055-infer_front.py-[line:111]-INFO-[log]:lane连接服务器...
2025-06-08 23:18:54,180-infer_front.py-[line:133]-INFO-[log]:lane连接服务器成功
2025-06-08 23:18:54,181-infer_front.py-[line:111]-INFO-[log]:front连接服务器...
2025-06-08 23:18:54,247-infer_front.py-[line:133]-INFO-[log]:front连接服务器成功
2025-06-08 23:18:54,248-infer_front.py-[line:111]-INFO-[log]:task连接服务器...
2025-06-08 23:18:54,312-infer_front.py-[line:133]-INFO-[log]:task连接服务器成功
2025-06-08 23:18:54,312-infer_front.py-[line:111]-INFO-[log]:mot连接服务器...
2025-06-08 23:18:54,372-infer_front.py-[line:133]-INFO-[log]:mot连接服务器成功
2025-06-08 23:18:54,373-infer_front.py-[line:111]-INFO-[log]:humattr连接服务器...
2025-06-08 23:18:54,434-infer_front.py-[line:133]-INFO-[log]:humattr连接服务器成功
2025-06-08 23:18:54,434-infer_front.py-[line:111]-INFO-[log]:ocr连接服务器...
2025-06-08 23:18:54,494-infer_front.py-[line:133]-INFO-[log]:ocr连接服务器成功
2025-06-08 23:18:54,495-infer_front.py-[line:111]-INFO-[log]:redstop连接服务器...
2025-06-08 23:18:54,557-infer_front.py-[line:133]-INFO-[log]:redstop连接服务器成功
2025-06-08 23:23:11,410-controller2.py-[line:313]-INFO-[log]:ping:/dev/ttyUSB0 ok, res:b'wh\x04\n'
2025-06-08 23:23:11,641-controller2.py-[line:313]-INFO-[log]:ping:/dev/ttyUSB0 ok, res:b'wh\x04\n'
2025-06-08 23:23:12,316-vehicle_base2.py-[line:523]-INFO-[log]:mecanum init
2025-06-08 23:23:12,531-car_wrap.py-[line:147]-INFO-[log]:my car init ok 0.215256929397583
2025-06-08 23:23:16,628-infer_front.py-[line:111]-INFO-[log]:lane连接服务器...
2025-06-08 23:23:16,760-infer_front.py-[line:133]-INFO-[log]:lane连接服务器成功
2025-06-08 23:23:16,761-infer_front.py-[line:111]-INFO-[log]:front连接服务器...
2025-06-08 23:23:16,825-infer_front.py-[line:133]-INFO-[log]:front连接服务器成功
2025-06-08 23:23:16,825-infer_front.py-[line:111]-INFO-[log]:task连接服务器...
2025-06-08 23:23:16,888-infer_front.py-[line:133]-INFO-[log]:task连接服务器成功
2025-06-08 23:23:16,888-infer_front.py-[line:111]-INFO-[log]:mot连接服务器...
2025-06-08 23:23:16,951-infer_front.py-[line:133]-INFO-[log]:mot连接服务器成功
2025-06-08 23:23:16,952-infer_front.py-[line:111]-INFO-[log]:humattr连接服务器...
2025-06-08 23:23:17,013-infer_front.py-[line:133]-INFO-[log]:humattr连接服务器成功
2025-06-08 23:23:17,013-infer_front.py-[line:111]-INFO-[log]:ocr连接服务器...
2025-06-08 23:23:17,075-infer_front.py-[line:133]-INFO-[log]:ocr连接服务器成功
2025-06-08 23:23:17,075-infer_front.py-[line:111]-INFO-[log]:redstop连接服务器...
2025-06-08 23:23:17,139-infer_front.py-[line:133]-INFO-[log]:redstop连接服务器成功
2025-06-08 23:23:17,970-camera.py-[line:182]-INFO-[log]:/dev/video0 close
2025-06-08 23:23:18,013-camera.py-[line:182]-INFO-[log]:/dev/video2 close
